ARM GAS  /tmp/ccG04HuD.s 			page 1


   1              		.cpu cortex-m3
   2              		.arch armv7-m
   3              		.fpu softvfp
   4              		.eabi_attribute 20, 1
   5              		.eabi_attribute 21, 1
   6              		.eabi_attribute 23, 3
   7              		.eabi_attribute 24, 1
   8              		.eabi_attribute 25, 1
   9              		.eabi_attribute 26, 1
  10              		.eabi_attribute 30, 1
  11              		.eabi_attribute 34, 1
  12              		.eabi_attribute 18, 4
  13              		.file	"calc_value.c"
  14              		.text
  15              	.Ltext0:
  16              		.cfi_sections	.debug_frame
  17              		.section	.text.calc_rotation_speed,"ax",%progbits
  18              		.align	1
  19              		.global	calc_rotation_speed
  20              		.syntax unified
  21              		.thumb
  22              		.thumb_func
  24              	calc_rotation_speed:
  25              	.LVL0:
  26              	.LFB950:
  27              		.file 1 "Core/Src/calc_value.c"
   1:Core/Src/calc_value.c **** 
   2:Core/Src/calc_value.c **** // Includes ---------------------------------------------------------------------------------------
   3:Core/Src/calc_value.c **** #include "calc_value.h"
   4:Core/Src/calc_value.c **** 
   5:Core/Src/calc_value.c **** // Functions --------------------------------------------------------------------------------------
   6:Core/Src/calc_value.c **** 
   7:Core/Src/calc_value.c **** //------------------------------------------------------------------------------------------------/
   8:Core/Src/calc_value.c ****  uint16_t calc_rotation_speed (uint16_t value_rotation_speed)
   9:Core/Src/calc_value.c **** {
  28              		.loc 1 9 1 view -0
  29              		.cfi_startproc
  30              		@ args = 0, pretend = 0, frame = 0
  31              		@ frame_needed = 0, uses_anonymous_args = 0
  32              		@ link register save eliminated.
  10:Core/Src/calc_value.c **** 	uint16_t pulse_frequency = 0;
  33              		.loc 1 10 2 view .LVU1
  11:Core/Src/calc_value.c **** 	pulse_frequency = value_rotation_speed*PULSE_IN_TURN/60;
  34              		.loc 1 11 2 view .LVU2
  35              		.loc 1 11 40 is_stmt 0 view .LVU3
  36 0000 4FF4C863 		mov	r3, #1600
  37 0004 00FB03F3 		mul	r3, r0, r3
  38              		.loc 1 11 54 view .LVU4
  39 0008 0348     		ldr	r0, .L2
  40              	.LVL1:
  41              		.loc 1 11 54 view .LVU5
  42 000a 80FB0320 		smull	r2, r0, r0, r3
  43 000e 1844     		add	r0, r0, r3
  44              	.LVL2:
  12:Core/Src/calc_value.c **** 	return pulse_frequency;
  45              		.loc 1 12 2 is_stmt 1 view .LVU6
  13:Core/Src/calc_value.c **** }...
ARM GAS  /tmp/ccG04HuD.s 			page 2


  46              		.loc 1 13 1 is_stmt 0 view .LVU7
  47 0010 C0F34F10 		ubfx	r0, r0, #5, #16
  48              	.LVL3:
  49              		.loc 1 13 1 view .LVU8
  50 0014 7047     		bx	lr
  51              	.L3:
  52 0016 00BF     		.align	2
  53              	.L2:
  54 0018 89888888 		.word	-2004318071
  55              		.cfi_endproc
  56              	.LFE950:
  58              		.text
  59              	.Letext0:
  60              		.file 2 "/home/arashamf/soft/ARM_toolchains/gcc-arm-none-eabi-10.3-2021.10/arm-none-eabi/include/m
  61              		.file 3 "/home/arashamf/soft/ARM_toolchains/gcc-arm-none-eabi-10.3-2021.10/arm-none-eabi/include/s
  62              		.file 4 "Drivers/STM32F1xx_HAL_Driver/Inc/stm32f1xx_ll_dma.h"
  63              		.file 5 "Drivers/STM32F1xx_HAL_Driver/Inc/stm32f1xx_ll_tim.h"
  64              		.file 6 "Core/Inc/typedef.h"
ARM GAS  /tmp/ccG04HuD.s 			page 3


DEFINED SYMBOLS
                            *ABS*:0000000000000000 calc_value.c
     /tmp/ccG04HuD.s:18     .text.calc_rotation_speed:0000000000000000 $t
     /tmp/ccG04HuD.s:24     .text.calc_rotation_speed:0000000000000000 calc_rotation_speed
     /tmp/ccG04HuD.s:54     .text.calc_rotation_speed:0000000000000018 $d

NO UNDEFINED SYMBOLS
