ARM GAS  /tmp/cclbny92.s 			page 1


   1              		.cpu cortex-m3
   2              		.arch armv7-m
   3              		.fpu softvfp
   4              		.eabi_attribute 20, 1
   5              		.eabi_attribute 21, 1
   6              		.eabi_attribute 23, 3
   7              		.eabi_attribute 24, 1
   8              		.eabi_attribute 25, 1
   9              		.eabi_attribute 26, 1
  10              		.eabi_attribute 30, 1
  11              		.eabi_attribute 34, 1
  12              		.eabi_attribute 18, 4
  13              		.file	"ssd1306_interface.c"
  14              		.text
  15              	.Ltext0:
  16              		.cfi_sections	.debug_frame
  17              		.section	.text.ssd1306_SendCommand,"ax",%progbits
  18              		.align	1
  19              		.global	ssd1306_SendCommand
  20              		.syntax unified
  21              		.thumb
  22              		.thumb_func
  24              	ssd1306_SendCommand:
  25              	.LVL0:
  26              	.LFB950:
  27              		.file 1 "display/ssd1306_interface.c"
   1:display/ssd1306_interface.c **** 
   2:display/ssd1306_interface.c **** /* Includes ------------------------------------------------------------------*/
   3:display/ssd1306_interface.c **** #include "ssd1306_interface.h"
   4:display/ssd1306_interface.c **** #include "spi.h"
   5:display/ssd1306_interface.c **** #include "gpio.h"
   6:display/ssd1306_interface.c **** #include "typedef.h"
   7:display/ssd1306_interface.c **** 
   8:display/ssd1306_interface.c **** /* Private define ------------------------------------------------------------*/
   9:display/ssd1306_interface.c **** #define SSD1306_SPI_TIMEOUT                                	0xFF
  10:display/ssd1306_interface.c **** 
  11:display/ssd1306_interface.c **** /* Private typedef -----------------------------------------------------------*/
  12:display/ssd1306_interface.c **** extern SSD1306_State SSD1306_state;
  13:display/ssd1306_interface.c **** 
  14:display/ssd1306_interface.c **** /* Private variables ---------------------------------------------------------*/
  15:display/ssd1306_interface.c **** 
  16:display/ssd1306_interface.c **** /* Functions -----------------------------------------------------------------*/
  17:display/ssd1306_interface.c **** 
  18:display/ssd1306_interface.c **** /*----------------------------------------------------------------------------*/
  19:display/ssd1306_interface.c **** void ssd1306_SendCommand(uint8_t type_command)
  20:display/ssd1306_interface.c **** {
  28              		.loc 1 20 1 view -0
  29              		.cfi_startproc
  30              		@ args = 0, pretend = 0, frame = 0
  31              		@ frame_needed = 0, uses_anonymous_args = 0
  32              		.loc 1 20 1 is_stmt 0 view .LVU1
  33 0000 08B5     		push	{r3, lr}
  34              	.LCFI0:
  35              		.cfi_def_cfa_offset 8
  36              		.cfi_offset 3, -8
  37              		.cfi_offset 14, -4
  21:display/ssd1306_interface.c **** //	CS (ON);
ARM GAS  /tmp/cclbny92.s 			page 2


  22:display/ssd1306_interface.c **** 	LCD_DC(OFF); //передача команды
  38              		.loc 1 22 2 is_stmt 1 view .LVU2
  39              	.LVL1:
  40              	.LBB6:
  41              	.LBI6:
  42              		.file 2 "Drivers/STM32F1xx_HAL_Driver/Inc/stm32f1xx_ll_gpio.h"
   1:Drivers/STM32F1xx_HAL_Driver/Inc/stm32f1xx_ll_gpio.h **** /**
   2:Drivers/STM32F1xx_HAL_Driver/Inc/stm32f1xx_ll_gpio.h ****   ******************************************************************************
   3:Drivers/STM32F1xx_HAL_Driver/Inc/stm32f1xx_ll_gpio.h ****   * @file    stm32f1xx_ll_gpio.h
   4:Drivers/STM32F1xx_HAL_Driver/Inc/stm32f1xx_ll_gpio.h ****   * @author  MCD Application Team
   5:Drivers/STM32F1xx_HAL_Driver/Inc/stm32f1xx_ll_gpio.h ****   * @brief   Header file of GPIO LL module.
   6:Drivers/STM32F1xx_HAL_Driver/Inc/stm32f1xx_ll_gpio.h ****   ******************************************************************************
   7:Drivers/STM32F1xx_HAL_Driver/Inc/stm32f1xx_ll_gpio.h ****   * @attention
   8:Drivers/STM32F1xx_HAL_Driver/Inc/stm32f1xx_ll_gpio.h ****   *
   9:Drivers/STM32F1xx_HAL_Driver/Inc/stm32f1xx_ll_gpio.h ****   * Copyright (c) 2016 STMicroelectronics.
  10:Drivers/STM32F1xx_HAL_Driver/Inc/stm32f1xx_ll_gpio.h ****   * All rights reserved.
  11:Drivers/STM32F1xx_HAL_Driver/Inc/stm32f1xx_ll_gpio.h ****   *
  12:Drivers/STM32F1xx_HAL_Driver/Inc/stm32f1xx_ll_gpio.h ****   * This software is licensed under terms that can be found in the LICENSE file
  13:Drivers/STM32F1xx_HAL_Driver/Inc/stm32f1xx_ll_gpio.h ****   * in the root directory of this software component.
  14:Drivers/STM32F1xx_HAL_Driver/Inc/stm32f1xx_ll_gpio.h ****   * If no LICENSE file comes with this software, it is provided AS-IS.
  15:Drivers/STM32F1xx_HAL_Driver/Inc/stm32f1xx_ll_gpio.h ****   *
  16:Drivers/STM32F1xx_HAL_Driver/Inc/stm32f1xx_ll_gpio.h ****   ******************************************************************************
  17:Drivers/STM32F1xx_HAL_Driver/Inc/stm32f1xx_ll_gpio.h ****   */
  18:Drivers/STM32F1xx_HAL_Driver/Inc/stm32f1xx_ll_gpio.h **** 
  19:Drivers/STM32F1xx_HAL_Driver/Inc/stm32f1xx_ll_gpio.h **** /* Define to prevent recursive inclusion -------------------------------------*/
  20:Drivers/STM32F1xx_HAL_Driver/Inc/stm32f1xx_ll_gpio.h **** #ifndef STM32F1xx_LL_GPIO_H
  21:Drivers/STM32F1xx_HAL_Driver/Inc/stm32f1xx_ll_gpio.h **** #define STM32F1xx_LL_GPIO_H
  22:Drivers/STM32F1xx_HAL_Driver/Inc/stm32f1xx_ll_gpio.h **** 
  23:Drivers/STM32F1xx_HAL_Driver/Inc/stm32f1xx_ll_gpio.h **** #ifdef __cplusplus
  24:Drivers/STM32F1xx_HAL_Driver/Inc/stm32f1xx_ll_gpio.h **** extern "C" {
  25:Drivers/STM32F1xx_HAL_Driver/Inc/stm32f1xx_ll_gpio.h **** #endif
  26:Drivers/STM32F1xx_HAL_Driver/Inc/stm32f1xx_ll_gpio.h **** 
  27:Drivers/STM32F1xx_HAL_Driver/Inc/stm32f1xx_ll_gpio.h **** /* Includes ------------------------------------------------------------------*/
  28:Drivers/STM32F1xx_HAL_Driver/Inc/stm32f1xx_ll_gpio.h **** #include "stm32f1xx.h"
  29:Drivers/STM32F1xx_HAL_Driver/Inc/stm32f1xx_ll_gpio.h **** 
  30:Drivers/STM32F1xx_HAL_Driver/Inc/stm32f1xx_ll_gpio.h **** /** @addtogroup STM32F1xx_LL_Driver
  31:Drivers/STM32F1xx_HAL_Driver/Inc/stm32f1xx_ll_gpio.h ****   * @{
  32:Drivers/STM32F1xx_HAL_Driver/Inc/stm32f1xx_ll_gpio.h ****   */
  33:Drivers/STM32F1xx_HAL_Driver/Inc/stm32f1xx_ll_gpio.h **** 
  34:Drivers/STM32F1xx_HAL_Driver/Inc/stm32f1xx_ll_gpio.h **** #if defined (GPIOA) || defined (GPIOB) || defined (GPIOC) || defined (GPIOD) || defined (GPIOE) || 
  35:Drivers/STM32F1xx_HAL_Driver/Inc/stm32f1xx_ll_gpio.h **** 
  36:Drivers/STM32F1xx_HAL_Driver/Inc/stm32f1xx_ll_gpio.h **** /** @defgroup GPIO_LL GPIO
  37:Drivers/STM32F1xx_HAL_Driver/Inc/stm32f1xx_ll_gpio.h ****   * @{
  38:Drivers/STM32F1xx_HAL_Driver/Inc/stm32f1xx_ll_gpio.h ****   */
  39:Drivers/STM32F1xx_HAL_Driver/Inc/stm32f1xx_ll_gpio.h **** 
  40:Drivers/STM32F1xx_HAL_Driver/Inc/stm32f1xx_ll_gpio.h **** /* Private types -------------------------------------------------------------*/
  41:Drivers/STM32F1xx_HAL_Driver/Inc/stm32f1xx_ll_gpio.h **** /* Private variables ---------------------------------------------------------*/
  42:Drivers/STM32F1xx_HAL_Driver/Inc/stm32f1xx_ll_gpio.h **** /* Private constants ---------------------------------------------------------*/
  43:Drivers/STM32F1xx_HAL_Driver/Inc/stm32f1xx_ll_gpio.h **** 
  44:Drivers/STM32F1xx_HAL_Driver/Inc/stm32f1xx_ll_gpio.h **** /** @defgroup GPIO_LL_Private_Constants GPIO Private Constants
  45:Drivers/STM32F1xx_HAL_Driver/Inc/stm32f1xx_ll_gpio.h ****   * @{
  46:Drivers/STM32F1xx_HAL_Driver/Inc/stm32f1xx_ll_gpio.h ****   */
  47:Drivers/STM32F1xx_HAL_Driver/Inc/stm32f1xx_ll_gpio.h **** /* Defines used for Pin Mask Initialization */
  48:Drivers/STM32F1xx_HAL_Driver/Inc/stm32f1xx_ll_gpio.h **** #define GPIO_PIN_MASK_POS   8U
  49:Drivers/STM32F1xx_HAL_Driver/Inc/stm32f1xx_ll_gpio.h **** #define GPIO_PIN_NB         16U
  50:Drivers/STM32F1xx_HAL_Driver/Inc/stm32f1xx_ll_gpio.h **** /**
  51:Drivers/STM32F1xx_HAL_Driver/Inc/stm32f1xx_ll_gpio.h ****   * @}
ARM GAS  /tmp/cclbny92.s 			page 3


  52:Drivers/STM32F1xx_HAL_Driver/Inc/stm32f1xx_ll_gpio.h ****   */
  53:Drivers/STM32F1xx_HAL_Driver/Inc/stm32f1xx_ll_gpio.h **** 
  54:Drivers/STM32F1xx_HAL_Driver/Inc/stm32f1xx_ll_gpio.h **** /* Private macros ------------------------------------------------------------*/
  55:Drivers/STM32F1xx_HAL_Driver/Inc/stm32f1xx_ll_gpio.h **** #if defined(USE_FULL_LL_DRIVER)
  56:Drivers/STM32F1xx_HAL_Driver/Inc/stm32f1xx_ll_gpio.h **** /** @defgroup GPIO_LL_Private_Macros GPIO Private Macros
  57:Drivers/STM32F1xx_HAL_Driver/Inc/stm32f1xx_ll_gpio.h ****   * @{
  58:Drivers/STM32F1xx_HAL_Driver/Inc/stm32f1xx_ll_gpio.h ****   */
  59:Drivers/STM32F1xx_HAL_Driver/Inc/stm32f1xx_ll_gpio.h **** 
  60:Drivers/STM32F1xx_HAL_Driver/Inc/stm32f1xx_ll_gpio.h **** /**
  61:Drivers/STM32F1xx_HAL_Driver/Inc/stm32f1xx_ll_gpio.h ****   * @}
  62:Drivers/STM32F1xx_HAL_Driver/Inc/stm32f1xx_ll_gpio.h ****   */
  63:Drivers/STM32F1xx_HAL_Driver/Inc/stm32f1xx_ll_gpio.h **** #endif /*USE_FULL_LL_DRIVER*/
  64:Drivers/STM32F1xx_HAL_Driver/Inc/stm32f1xx_ll_gpio.h **** 
  65:Drivers/STM32F1xx_HAL_Driver/Inc/stm32f1xx_ll_gpio.h **** /* Exported types ------------------------------------------------------------*/
  66:Drivers/STM32F1xx_HAL_Driver/Inc/stm32f1xx_ll_gpio.h **** #if defined(USE_FULL_LL_DRIVER)
  67:Drivers/STM32F1xx_HAL_Driver/Inc/stm32f1xx_ll_gpio.h **** /** @defgroup GPIO_LL_ES_INIT GPIO Exported Init structures
  68:Drivers/STM32F1xx_HAL_Driver/Inc/stm32f1xx_ll_gpio.h ****   * @{
  69:Drivers/STM32F1xx_HAL_Driver/Inc/stm32f1xx_ll_gpio.h ****   */
  70:Drivers/STM32F1xx_HAL_Driver/Inc/stm32f1xx_ll_gpio.h **** 
  71:Drivers/STM32F1xx_HAL_Driver/Inc/stm32f1xx_ll_gpio.h **** /**
  72:Drivers/STM32F1xx_HAL_Driver/Inc/stm32f1xx_ll_gpio.h ****   * @brief LL GPIO Init Structure definition
  73:Drivers/STM32F1xx_HAL_Driver/Inc/stm32f1xx_ll_gpio.h ****   */
  74:Drivers/STM32F1xx_HAL_Driver/Inc/stm32f1xx_ll_gpio.h **** typedef struct
  75:Drivers/STM32F1xx_HAL_Driver/Inc/stm32f1xx_ll_gpio.h **** {
  76:Drivers/STM32F1xx_HAL_Driver/Inc/stm32f1xx_ll_gpio.h ****   uint32_t Pin;          /*!< Specifies the GPIO pins to be configured.
  77:Drivers/STM32F1xx_HAL_Driver/Inc/stm32f1xx_ll_gpio.h ****                               This parameter can be any value of @ref GPIO_LL_EC_PIN */
  78:Drivers/STM32F1xx_HAL_Driver/Inc/stm32f1xx_ll_gpio.h **** 
  79:Drivers/STM32F1xx_HAL_Driver/Inc/stm32f1xx_ll_gpio.h ****   uint32_t Mode;         /*!< Specifies the operating mode for the selected pins.
  80:Drivers/STM32F1xx_HAL_Driver/Inc/stm32f1xx_ll_gpio.h ****                               This parameter can be a value of @ref GPIO_LL_EC_MODE.
  81:Drivers/STM32F1xx_HAL_Driver/Inc/stm32f1xx_ll_gpio.h **** 
  82:Drivers/STM32F1xx_HAL_Driver/Inc/stm32f1xx_ll_gpio.h ****                               GPIO HW configuration can be modified afterwards using unitary functi
  83:Drivers/STM32F1xx_HAL_Driver/Inc/stm32f1xx_ll_gpio.h **** 
  84:Drivers/STM32F1xx_HAL_Driver/Inc/stm32f1xx_ll_gpio.h ****   uint32_t Speed;        /*!< Specifies the speed for the selected pins.
  85:Drivers/STM32F1xx_HAL_Driver/Inc/stm32f1xx_ll_gpio.h ****                               This parameter can be a value of @ref GPIO_LL_EC_SPEED.
  86:Drivers/STM32F1xx_HAL_Driver/Inc/stm32f1xx_ll_gpio.h **** 
  87:Drivers/STM32F1xx_HAL_Driver/Inc/stm32f1xx_ll_gpio.h ****                               GPIO HW configuration can be modified afterwards using unitary functi
  88:Drivers/STM32F1xx_HAL_Driver/Inc/stm32f1xx_ll_gpio.h **** 
  89:Drivers/STM32F1xx_HAL_Driver/Inc/stm32f1xx_ll_gpio.h ****   uint32_t OutputType;   /*!< Specifies the operating output type for the selected pins.
  90:Drivers/STM32F1xx_HAL_Driver/Inc/stm32f1xx_ll_gpio.h ****                               This parameter can be a value of @ref GPIO_LL_EC_OUTPUT.
  91:Drivers/STM32F1xx_HAL_Driver/Inc/stm32f1xx_ll_gpio.h **** 
  92:Drivers/STM32F1xx_HAL_Driver/Inc/stm32f1xx_ll_gpio.h ****                               GPIO HW configuration can be modified afterwards using unitary functi
  93:Drivers/STM32F1xx_HAL_Driver/Inc/stm32f1xx_ll_gpio.h **** 
  94:Drivers/STM32F1xx_HAL_Driver/Inc/stm32f1xx_ll_gpio.h ****   uint32_t Pull;         /*!< Specifies the operating Pull-up/Pull down for the selected pins.
  95:Drivers/STM32F1xx_HAL_Driver/Inc/stm32f1xx_ll_gpio.h ****                               This parameter can be a value of @ref GPIO_LL_EC_PULL.
  96:Drivers/STM32F1xx_HAL_Driver/Inc/stm32f1xx_ll_gpio.h **** 
  97:Drivers/STM32F1xx_HAL_Driver/Inc/stm32f1xx_ll_gpio.h ****                               GPIO HW configuration can be modified afterwards using unitary functi
  98:Drivers/STM32F1xx_HAL_Driver/Inc/stm32f1xx_ll_gpio.h **** } LL_GPIO_InitTypeDef;
  99:Drivers/STM32F1xx_HAL_Driver/Inc/stm32f1xx_ll_gpio.h **** 
 100:Drivers/STM32F1xx_HAL_Driver/Inc/stm32f1xx_ll_gpio.h **** /**
 101:Drivers/STM32F1xx_HAL_Driver/Inc/stm32f1xx_ll_gpio.h ****   * @}
 102:Drivers/STM32F1xx_HAL_Driver/Inc/stm32f1xx_ll_gpio.h ****   */
 103:Drivers/STM32F1xx_HAL_Driver/Inc/stm32f1xx_ll_gpio.h **** #endif /* USE_FULL_LL_DRIVER */
 104:Drivers/STM32F1xx_HAL_Driver/Inc/stm32f1xx_ll_gpio.h **** 
 105:Drivers/STM32F1xx_HAL_Driver/Inc/stm32f1xx_ll_gpio.h **** /* Exported constants --------------------------------------------------------*/
 106:Drivers/STM32F1xx_HAL_Driver/Inc/stm32f1xx_ll_gpio.h **** /** @defgroup GPIO_LL_Exported_Constants GPIO Exported Constants
 107:Drivers/STM32F1xx_HAL_Driver/Inc/stm32f1xx_ll_gpio.h ****   * @{
 108:Drivers/STM32F1xx_HAL_Driver/Inc/stm32f1xx_ll_gpio.h ****   */
ARM GAS  /tmp/cclbny92.s 			page 4


 109:Drivers/STM32F1xx_HAL_Driver/Inc/stm32f1xx_ll_gpio.h **** 
 110:Drivers/STM32F1xx_HAL_Driver/Inc/stm32f1xx_ll_gpio.h **** /** @defgroup GPIO_LL_EC_PIN PIN
 111:Drivers/STM32F1xx_HAL_Driver/Inc/stm32f1xx_ll_gpio.h ****   * @{
 112:Drivers/STM32F1xx_HAL_Driver/Inc/stm32f1xx_ll_gpio.h ****   */
 113:Drivers/STM32F1xx_HAL_Driver/Inc/stm32f1xx_ll_gpio.h **** #define LL_GPIO_PIN_0                    ((GPIO_BSRR_BS0  << GPIO_PIN_MASK_POS) | 0x00000001U)  /*!
 114:Drivers/STM32F1xx_HAL_Driver/Inc/stm32f1xx_ll_gpio.h **** #define LL_GPIO_PIN_1                    ((GPIO_BSRR_BS1  << GPIO_PIN_MASK_POS) | 0x00000002U)  /*!
 115:Drivers/STM32F1xx_HAL_Driver/Inc/stm32f1xx_ll_gpio.h **** #define LL_GPIO_PIN_2                    ((GPIO_BSRR_BS2  << GPIO_PIN_MASK_POS) | 0x00000004U)  /*!
 116:Drivers/STM32F1xx_HAL_Driver/Inc/stm32f1xx_ll_gpio.h **** #define LL_GPIO_PIN_3                    ((GPIO_BSRR_BS3  << GPIO_PIN_MASK_POS) | 0x00000008U)  /*!
 117:Drivers/STM32F1xx_HAL_Driver/Inc/stm32f1xx_ll_gpio.h **** #define LL_GPIO_PIN_4                    ((GPIO_BSRR_BS4  << GPIO_PIN_MASK_POS) | 0x00000010U)  /*!
 118:Drivers/STM32F1xx_HAL_Driver/Inc/stm32f1xx_ll_gpio.h **** #define LL_GPIO_PIN_5                    ((GPIO_BSRR_BS5  << GPIO_PIN_MASK_POS) | 0x00000020U)  /*!
 119:Drivers/STM32F1xx_HAL_Driver/Inc/stm32f1xx_ll_gpio.h **** #define LL_GPIO_PIN_6                    ((GPIO_BSRR_BS6  << GPIO_PIN_MASK_POS) | 0x00000040U)  /*!
 120:Drivers/STM32F1xx_HAL_Driver/Inc/stm32f1xx_ll_gpio.h **** #define LL_GPIO_PIN_7                    ((GPIO_BSRR_BS7  << GPIO_PIN_MASK_POS) | 0x00000080U)  /*!
 121:Drivers/STM32F1xx_HAL_Driver/Inc/stm32f1xx_ll_gpio.h **** #define LL_GPIO_PIN_8                    ((GPIO_BSRR_BS8  << GPIO_PIN_MASK_POS) | 0x04000001U)  /*!
 122:Drivers/STM32F1xx_HAL_Driver/Inc/stm32f1xx_ll_gpio.h **** #define LL_GPIO_PIN_9                    ((GPIO_BSRR_BS9  << GPIO_PIN_MASK_POS) | 0x04000002U)  /*!
 123:Drivers/STM32F1xx_HAL_Driver/Inc/stm32f1xx_ll_gpio.h **** #define LL_GPIO_PIN_10                   ((GPIO_BSRR_BS10 << GPIO_PIN_MASK_POS) | 0x04000004U)  /*!
 124:Drivers/STM32F1xx_HAL_Driver/Inc/stm32f1xx_ll_gpio.h **** #define LL_GPIO_PIN_11                   ((GPIO_BSRR_BS11 << GPIO_PIN_MASK_POS) | 0x04000008U)  /*!
 125:Drivers/STM32F1xx_HAL_Driver/Inc/stm32f1xx_ll_gpio.h **** #define LL_GPIO_PIN_12                   ((GPIO_BSRR_BS12 << GPIO_PIN_MASK_POS) | 0x04000010U)  /*!
 126:Drivers/STM32F1xx_HAL_Driver/Inc/stm32f1xx_ll_gpio.h **** #define LL_GPIO_PIN_13                   ((GPIO_BSRR_BS13 << GPIO_PIN_MASK_POS) | 0x04000020U)  /*!
 127:Drivers/STM32F1xx_HAL_Driver/Inc/stm32f1xx_ll_gpio.h **** #define LL_GPIO_PIN_14                   ((GPIO_BSRR_BS14 << GPIO_PIN_MASK_POS) | 0x04000040U)  /*!
 128:Drivers/STM32F1xx_HAL_Driver/Inc/stm32f1xx_ll_gpio.h **** #define LL_GPIO_PIN_15                   ((GPIO_BSRR_BS15 << GPIO_PIN_MASK_POS) | 0x04000080U)  /*!
 129:Drivers/STM32F1xx_HAL_Driver/Inc/stm32f1xx_ll_gpio.h **** #define LL_GPIO_PIN_ALL                  (LL_GPIO_PIN_0  | LL_GPIO_PIN_1  | LL_GPIO_PIN_2  | \
 130:Drivers/STM32F1xx_HAL_Driver/Inc/stm32f1xx_ll_gpio.h ****                                           LL_GPIO_PIN_3  | LL_GPIO_PIN_4  | LL_GPIO_PIN_5  | \
 131:Drivers/STM32F1xx_HAL_Driver/Inc/stm32f1xx_ll_gpio.h ****                                           LL_GPIO_PIN_6  | LL_GPIO_PIN_7  | LL_GPIO_PIN_8  | \
 132:Drivers/STM32F1xx_HAL_Driver/Inc/stm32f1xx_ll_gpio.h ****                                           LL_GPIO_PIN_9  | LL_GPIO_PIN_10 | LL_GPIO_PIN_11 | \
 133:Drivers/STM32F1xx_HAL_Driver/Inc/stm32f1xx_ll_gpio.h ****                                           LL_GPIO_PIN_12 | LL_GPIO_PIN_13 | LL_GPIO_PIN_14 | \
 134:Drivers/STM32F1xx_HAL_Driver/Inc/stm32f1xx_ll_gpio.h ****                                           LL_GPIO_PIN_15)                                      /*!<
 135:Drivers/STM32F1xx_HAL_Driver/Inc/stm32f1xx_ll_gpio.h **** /**
 136:Drivers/STM32F1xx_HAL_Driver/Inc/stm32f1xx_ll_gpio.h ****   * @}
 137:Drivers/STM32F1xx_HAL_Driver/Inc/stm32f1xx_ll_gpio.h ****   */
 138:Drivers/STM32F1xx_HAL_Driver/Inc/stm32f1xx_ll_gpio.h **** 
 139:Drivers/STM32F1xx_HAL_Driver/Inc/stm32f1xx_ll_gpio.h **** /** @defgroup GPIO_LL_EC_MODE Mode
 140:Drivers/STM32F1xx_HAL_Driver/Inc/stm32f1xx_ll_gpio.h ****   * @{
 141:Drivers/STM32F1xx_HAL_Driver/Inc/stm32f1xx_ll_gpio.h ****   */
 142:Drivers/STM32F1xx_HAL_Driver/Inc/stm32f1xx_ll_gpio.h **** #define LL_GPIO_MODE_ANALOG              0x00000000U       /*!< Select analog mode */
 143:Drivers/STM32F1xx_HAL_Driver/Inc/stm32f1xx_ll_gpio.h **** #define LL_GPIO_MODE_FLOATING            GPIO_CRL_CNF0_0   /*!< Select floating mode */
 144:Drivers/STM32F1xx_HAL_Driver/Inc/stm32f1xx_ll_gpio.h **** #define LL_GPIO_MODE_INPUT               GPIO_CRL_CNF0_1   /*!< Select input mode */
 145:Drivers/STM32F1xx_HAL_Driver/Inc/stm32f1xx_ll_gpio.h **** #define LL_GPIO_MODE_OUTPUT              GPIO_CRL_MODE0_0  /*!< Select general purpose output mode 
 146:Drivers/STM32F1xx_HAL_Driver/Inc/stm32f1xx_ll_gpio.h **** #define LL_GPIO_MODE_ALTERNATE           (GPIO_CRL_CNF0_1 | GPIO_CRL_MODE0_0) /*!< Select alternate
 147:Drivers/STM32F1xx_HAL_Driver/Inc/stm32f1xx_ll_gpio.h **** /**
 148:Drivers/STM32F1xx_HAL_Driver/Inc/stm32f1xx_ll_gpio.h ****   * @}
 149:Drivers/STM32F1xx_HAL_Driver/Inc/stm32f1xx_ll_gpio.h ****   */
 150:Drivers/STM32F1xx_HAL_Driver/Inc/stm32f1xx_ll_gpio.h **** 
 151:Drivers/STM32F1xx_HAL_Driver/Inc/stm32f1xx_ll_gpio.h **** /** @defgroup GPIO_LL_EC_OUTPUT Output Type
 152:Drivers/STM32F1xx_HAL_Driver/Inc/stm32f1xx_ll_gpio.h ****   * @{
 153:Drivers/STM32F1xx_HAL_Driver/Inc/stm32f1xx_ll_gpio.h ****   */
 154:Drivers/STM32F1xx_HAL_Driver/Inc/stm32f1xx_ll_gpio.h **** #define LL_GPIO_OUTPUT_PUSHPULL          0x00000000U                /*!< Select push-pull as output
 155:Drivers/STM32F1xx_HAL_Driver/Inc/stm32f1xx_ll_gpio.h **** #define LL_GPIO_OUTPUT_OPENDRAIN         GPIO_CRL_CNF0_0            /*!< Select open-drain as outpu
 156:Drivers/STM32F1xx_HAL_Driver/Inc/stm32f1xx_ll_gpio.h **** /**
 157:Drivers/STM32F1xx_HAL_Driver/Inc/stm32f1xx_ll_gpio.h ****   * @}
 158:Drivers/STM32F1xx_HAL_Driver/Inc/stm32f1xx_ll_gpio.h ****   */
 159:Drivers/STM32F1xx_HAL_Driver/Inc/stm32f1xx_ll_gpio.h **** 
 160:Drivers/STM32F1xx_HAL_Driver/Inc/stm32f1xx_ll_gpio.h **** /** @defgroup GPIO_LL_EC_SPEED Output Speed
 161:Drivers/STM32F1xx_HAL_Driver/Inc/stm32f1xx_ll_gpio.h ****   * @{
 162:Drivers/STM32F1xx_HAL_Driver/Inc/stm32f1xx_ll_gpio.h ****   */
 163:Drivers/STM32F1xx_HAL_Driver/Inc/stm32f1xx_ll_gpio.h **** #define LL_GPIO_MODE_OUTPUT_10MHz        GPIO_CRL_MODE0_0            /*!< Select Output mode, max s
 164:Drivers/STM32F1xx_HAL_Driver/Inc/stm32f1xx_ll_gpio.h **** #define LL_GPIO_MODE_OUTPUT_2MHz         GPIO_CRL_MODE0_1            /*!< Select Output mode, max s
 165:Drivers/STM32F1xx_HAL_Driver/Inc/stm32f1xx_ll_gpio.h **** #define LL_GPIO_MODE_OUTPUT_50MHz        GPIO_CRL_MODE0              /*!< Select Output mode, max s
ARM GAS  /tmp/cclbny92.s 			page 5


 166:Drivers/STM32F1xx_HAL_Driver/Inc/stm32f1xx_ll_gpio.h **** /**
 167:Drivers/STM32F1xx_HAL_Driver/Inc/stm32f1xx_ll_gpio.h ****   * @}
 168:Drivers/STM32F1xx_HAL_Driver/Inc/stm32f1xx_ll_gpio.h ****   */
 169:Drivers/STM32F1xx_HAL_Driver/Inc/stm32f1xx_ll_gpio.h **** 
 170:Drivers/STM32F1xx_HAL_Driver/Inc/stm32f1xx_ll_gpio.h **** #define LL_GPIO_SPEED_FREQ_LOW           LL_GPIO_MODE_OUTPUT_2MHz    /*!< Select I/O low output spe
 171:Drivers/STM32F1xx_HAL_Driver/Inc/stm32f1xx_ll_gpio.h **** #define LL_GPIO_SPEED_FREQ_MEDIUM        LL_GPIO_MODE_OUTPUT_10MHz   /*!< Select I/O medium output 
 172:Drivers/STM32F1xx_HAL_Driver/Inc/stm32f1xx_ll_gpio.h **** #define LL_GPIO_SPEED_FREQ_HIGH          LL_GPIO_MODE_OUTPUT_50MHz   /*!< Select I/O high output sp
 173:Drivers/STM32F1xx_HAL_Driver/Inc/stm32f1xx_ll_gpio.h **** 
 174:Drivers/STM32F1xx_HAL_Driver/Inc/stm32f1xx_ll_gpio.h **** /** @defgroup GPIO_LL_EC_PULL Pull Up Pull Down
 175:Drivers/STM32F1xx_HAL_Driver/Inc/stm32f1xx_ll_gpio.h ****   * @{
 176:Drivers/STM32F1xx_HAL_Driver/Inc/stm32f1xx_ll_gpio.h ****   */
 177:Drivers/STM32F1xx_HAL_Driver/Inc/stm32f1xx_ll_gpio.h **** #define LL_GPIO_PULL_DOWN                0x00000000U    /*!< Select I/O pull down */
 178:Drivers/STM32F1xx_HAL_Driver/Inc/stm32f1xx_ll_gpio.h **** #define LL_GPIO_PULL_UP                  GPIO_ODR_ODR0  /*!< Select I/O pull up */
 179:Drivers/STM32F1xx_HAL_Driver/Inc/stm32f1xx_ll_gpio.h **** 
 180:Drivers/STM32F1xx_HAL_Driver/Inc/stm32f1xx_ll_gpio.h **** /**
 181:Drivers/STM32F1xx_HAL_Driver/Inc/stm32f1xx_ll_gpio.h ****   * @}
 182:Drivers/STM32F1xx_HAL_Driver/Inc/stm32f1xx_ll_gpio.h ****   */
 183:Drivers/STM32F1xx_HAL_Driver/Inc/stm32f1xx_ll_gpio.h **** 
 184:Drivers/STM32F1xx_HAL_Driver/Inc/stm32f1xx_ll_gpio.h **** /** @defgroup GPIO_LL_EVENTOUT_PIN EVENTOUT Pin
 185:Drivers/STM32F1xx_HAL_Driver/Inc/stm32f1xx_ll_gpio.h ****   * @{
 186:Drivers/STM32F1xx_HAL_Driver/Inc/stm32f1xx_ll_gpio.h ****   */
 187:Drivers/STM32F1xx_HAL_Driver/Inc/stm32f1xx_ll_gpio.h **** 
 188:Drivers/STM32F1xx_HAL_Driver/Inc/stm32f1xx_ll_gpio.h **** #define LL_GPIO_AF_EVENTOUT_PIN_0        AFIO_EVCR_PIN_PX0   /*!< EVENTOUT on pin 0 */
 189:Drivers/STM32F1xx_HAL_Driver/Inc/stm32f1xx_ll_gpio.h **** #define LL_GPIO_AF_EVENTOUT_PIN_1        AFIO_EVCR_PIN_PX1   /*!< EVENTOUT on pin 1 */
 190:Drivers/STM32F1xx_HAL_Driver/Inc/stm32f1xx_ll_gpio.h **** #define LL_GPIO_AF_EVENTOUT_PIN_2        AFIO_EVCR_PIN_PX2   /*!< EVENTOUT on pin 2 */
 191:Drivers/STM32F1xx_HAL_Driver/Inc/stm32f1xx_ll_gpio.h **** #define LL_GPIO_AF_EVENTOUT_PIN_3        AFIO_EVCR_PIN_PX3   /*!< EVENTOUT on pin 3 */
 192:Drivers/STM32F1xx_HAL_Driver/Inc/stm32f1xx_ll_gpio.h **** #define LL_GPIO_AF_EVENTOUT_PIN_4        AFIO_EVCR_PIN_PX4   /*!< EVENTOUT on pin 4 */
 193:Drivers/STM32F1xx_HAL_Driver/Inc/stm32f1xx_ll_gpio.h **** #define LL_GPIO_AF_EVENTOUT_PIN_5        AFIO_EVCR_PIN_PX5   /*!< EVENTOUT on pin 5 */
 194:Drivers/STM32F1xx_HAL_Driver/Inc/stm32f1xx_ll_gpio.h **** #define LL_GPIO_AF_EVENTOUT_PIN_6        AFIO_EVCR_PIN_PX6   /*!< EVENTOUT on pin 6 */
 195:Drivers/STM32F1xx_HAL_Driver/Inc/stm32f1xx_ll_gpio.h **** #define LL_GPIO_AF_EVENTOUT_PIN_7        AFIO_EVCR_PIN_PX7   /*!< EVENTOUT on pin 7 */
 196:Drivers/STM32F1xx_HAL_Driver/Inc/stm32f1xx_ll_gpio.h **** #define LL_GPIO_AF_EVENTOUT_PIN_8        AFIO_EVCR_PIN_PX8   /*!< EVENTOUT on pin 8 */
 197:Drivers/STM32F1xx_HAL_Driver/Inc/stm32f1xx_ll_gpio.h **** #define LL_GPIO_AF_EVENTOUT_PIN_9        AFIO_EVCR_PIN_PX9   /*!< EVENTOUT on pin 9 */
 198:Drivers/STM32F1xx_HAL_Driver/Inc/stm32f1xx_ll_gpio.h **** #define LL_GPIO_AF_EVENTOUT_PIN_10       AFIO_EVCR_PIN_PX10  /*!< EVENTOUT on pin 10 */
 199:Drivers/STM32F1xx_HAL_Driver/Inc/stm32f1xx_ll_gpio.h **** #define LL_GPIO_AF_EVENTOUT_PIN_11       AFIO_EVCR_PIN_PX11  /*!< EVENTOUT on pin 11 */
 200:Drivers/STM32F1xx_HAL_Driver/Inc/stm32f1xx_ll_gpio.h **** #define LL_GPIO_AF_EVENTOUT_PIN_12       AFIO_EVCR_PIN_PX12  /*!< EVENTOUT on pin 12 */
 201:Drivers/STM32F1xx_HAL_Driver/Inc/stm32f1xx_ll_gpio.h **** #define LL_GPIO_AF_EVENTOUT_PIN_13       AFIO_EVCR_PIN_PX13  /*!< EVENTOUT on pin 13 */
 202:Drivers/STM32F1xx_HAL_Driver/Inc/stm32f1xx_ll_gpio.h **** #define LL_GPIO_AF_EVENTOUT_PIN_14       AFIO_EVCR_PIN_PX14  /*!< EVENTOUT on pin 14 */
 203:Drivers/STM32F1xx_HAL_Driver/Inc/stm32f1xx_ll_gpio.h **** #define LL_GPIO_AF_EVENTOUT_PIN_15       AFIO_EVCR_PIN_PX15  /*!< EVENTOUT on pin 15 */
 204:Drivers/STM32F1xx_HAL_Driver/Inc/stm32f1xx_ll_gpio.h **** 
 205:Drivers/STM32F1xx_HAL_Driver/Inc/stm32f1xx_ll_gpio.h **** /**
 206:Drivers/STM32F1xx_HAL_Driver/Inc/stm32f1xx_ll_gpio.h ****   * @}
 207:Drivers/STM32F1xx_HAL_Driver/Inc/stm32f1xx_ll_gpio.h ****   */
 208:Drivers/STM32F1xx_HAL_Driver/Inc/stm32f1xx_ll_gpio.h **** 
 209:Drivers/STM32F1xx_HAL_Driver/Inc/stm32f1xx_ll_gpio.h **** /** @defgroup GPIO_LL_EVENTOUT_PORT EVENTOUT Port
 210:Drivers/STM32F1xx_HAL_Driver/Inc/stm32f1xx_ll_gpio.h ****   * @{
 211:Drivers/STM32F1xx_HAL_Driver/Inc/stm32f1xx_ll_gpio.h ****   */
 212:Drivers/STM32F1xx_HAL_Driver/Inc/stm32f1xx_ll_gpio.h **** 
 213:Drivers/STM32F1xx_HAL_Driver/Inc/stm32f1xx_ll_gpio.h **** #define LL_GPIO_AF_EVENTOUT_PORT_A       AFIO_EVCR_PORT_PA  /*!< EVENTOUT on port A */
 214:Drivers/STM32F1xx_HAL_Driver/Inc/stm32f1xx_ll_gpio.h **** #define LL_GPIO_AF_EVENTOUT_PORT_B       AFIO_EVCR_PORT_PB  /*!< EVENTOUT on port B */
 215:Drivers/STM32F1xx_HAL_Driver/Inc/stm32f1xx_ll_gpio.h **** #define LL_GPIO_AF_EVENTOUT_PORT_C       AFIO_EVCR_PORT_PC  /*!< EVENTOUT on port C */
 216:Drivers/STM32F1xx_HAL_Driver/Inc/stm32f1xx_ll_gpio.h **** #define LL_GPIO_AF_EVENTOUT_PORT_D       AFIO_EVCR_PORT_PD  /*!< EVENTOUT on port D */
 217:Drivers/STM32F1xx_HAL_Driver/Inc/stm32f1xx_ll_gpio.h **** #define LL_GPIO_AF_EVENTOUT_PORT_E       AFIO_EVCR_PORT_PE  /*!< EVENTOUT on port E */
 218:Drivers/STM32F1xx_HAL_Driver/Inc/stm32f1xx_ll_gpio.h **** 
 219:Drivers/STM32F1xx_HAL_Driver/Inc/stm32f1xx_ll_gpio.h **** /**
 220:Drivers/STM32F1xx_HAL_Driver/Inc/stm32f1xx_ll_gpio.h ****   * @}
 221:Drivers/STM32F1xx_HAL_Driver/Inc/stm32f1xx_ll_gpio.h ****   */
 222:Drivers/STM32F1xx_HAL_Driver/Inc/stm32f1xx_ll_gpio.h **** 
ARM GAS  /tmp/cclbny92.s 			page 6


 223:Drivers/STM32F1xx_HAL_Driver/Inc/stm32f1xx_ll_gpio.h **** /** @defgroup GPIO_LL_EC_EXTI_PORT GPIO EXTI PORT
 224:Drivers/STM32F1xx_HAL_Driver/Inc/stm32f1xx_ll_gpio.h ****   * @{
 225:Drivers/STM32F1xx_HAL_Driver/Inc/stm32f1xx_ll_gpio.h ****   */
 226:Drivers/STM32F1xx_HAL_Driver/Inc/stm32f1xx_ll_gpio.h **** #define LL_GPIO_AF_EXTI_PORTA            0U   /*!< EXTI PORT A */
 227:Drivers/STM32F1xx_HAL_Driver/Inc/stm32f1xx_ll_gpio.h **** #define LL_GPIO_AF_EXTI_PORTB            1U   /*!< EXTI PORT B */
 228:Drivers/STM32F1xx_HAL_Driver/Inc/stm32f1xx_ll_gpio.h **** #define LL_GPIO_AF_EXTI_PORTC            2U   /*!< EXTI PORT C */
 229:Drivers/STM32F1xx_HAL_Driver/Inc/stm32f1xx_ll_gpio.h **** #define LL_GPIO_AF_EXTI_PORTD            3U   /*!< EXTI PORT D */
 230:Drivers/STM32F1xx_HAL_Driver/Inc/stm32f1xx_ll_gpio.h **** #define LL_GPIO_AF_EXTI_PORTE            4U   /*!< EXTI PORT E */
 231:Drivers/STM32F1xx_HAL_Driver/Inc/stm32f1xx_ll_gpio.h **** #define LL_GPIO_AF_EXTI_PORTF            5U   /*!< EXTI PORT F */
 232:Drivers/STM32F1xx_HAL_Driver/Inc/stm32f1xx_ll_gpio.h **** #define LL_GPIO_AF_EXTI_PORTG            6U   /*!< EXTI PORT G */
 233:Drivers/STM32F1xx_HAL_Driver/Inc/stm32f1xx_ll_gpio.h **** /**
 234:Drivers/STM32F1xx_HAL_Driver/Inc/stm32f1xx_ll_gpio.h ****   * @}
 235:Drivers/STM32F1xx_HAL_Driver/Inc/stm32f1xx_ll_gpio.h ****   */
 236:Drivers/STM32F1xx_HAL_Driver/Inc/stm32f1xx_ll_gpio.h **** 
 237:Drivers/STM32F1xx_HAL_Driver/Inc/stm32f1xx_ll_gpio.h **** /** @defgroup GPIO_LL_EC_EXTI_LINE GPIO EXTI LINE
 238:Drivers/STM32F1xx_HAL_Driver/Inc/stm32f1xx_ll_gpio.h ****   * @{
 239:Drivers/STM32F1xx_HAL_Driver/Inc/stm32f1xx_ll_gpio.h ****   */
 240:Drivers/STM32F1xx_HAL_Driver/Inc/stm32f1xx_ll_gpio.h **** #define LL_GPIO_AF_EXTI_LINE0            (0x000FU << 16U | 0U)  /*!< EXTI_POSITION_0  | EXTICR[0] *
 241:Drivers/STM32F1xx_HAL_Driver/Inc/stm32f1xx_ll_gpio.h **** #define LL_GPIO_AF_EXTI_LINE1            (0x00F0U << 16U | 0U)  /*!< EXTI_POSITION_4  | EXTICR[0] *
 242:Drivers/STM32F1xx_HAL_Driver/Inc/stm32f1xx_ll_gpio.h **** #define LL_GPIO_AF_EXTI_LINE2            (0x0F00U << 16U | 0U)  /*!< EXTI_POSITION_8  | EXTICR[0] *
 243:Drivers/STM32F1xx_HAL_Driver/Inc/stm32f1xx_ll_gpio.h **** #define LL_GPIO_AF_EXTI_LINE3            (0xF000U << 16U | 0U)  /*!< EXTI_POSITION_12 | EXTICR[0] *
 244:Drivers/STM32F1xx_HAL_Driver/Inc/stm32f1xx_ll_gpio.h **** #define LL_GPIO_AF_EXTI_LINE4            (0x000FU << 16U | 1U)  /*!< EXTI_POSITION_0  | EXTICR[1] *
 245:Drivers/STM32F1xx_HAL_Driver/Inc/stm32f1xx_ll_gpio.h **** #define LL_GPIO_AF_EXTI_LINE5            (0x00F0U << 16U | 1U)  /*!< EXTI_POSITION_4  | EXTICR[1] *
 246:Drivers/STM32F1xx_HAL_Driver/Inc/stm32f1xx_ll_gpio.h **** #define LL_GPIO_AF_EXTI_LINE6            (0x0F00U << 16U | 1U)  /*!< EXTI_POSITION_8  | EXTICR[1] *
 247:Drivers/STM32F1xx_HAL_Driver/Inc/stm32f1xx_ll_gpio.h **** #define LL_GPIO_AF_EXTI_LINE7            (0xF000U << 16U | 1U)  /*!< EXTI_POSITION_12 | EXTICR[1] *
 248:Drivers/STM32F1xx_HAL_Driver/Inc/stm32f1xx_ll_gpio.h **** #define LL_GPIO_AF_EXTI_LINE8            (0x000FU << 16U | 2U)  /*!< EXTI_POSITION_0  | EXTICR[2] *
 249:Drivers/STM32F1xx_HAL_Driver/Inc/stm32f1xx_ll_gpio.h **** #define LL_GPIO_AF_EXTI_LINE9            (0x00F0U << 16U | 2U)  /*!< EXTI_POSITION_4  | EXTICR[2] *
 250:Drivers/STM32F1xx_HAL_Driver/Inc/stm32f1xx_ll_gpio.h **** #define LL_GPIO_AF_EXTI_LINE10           (0x0F00U << 16U | 2U)  /*!< EXTI_POSITION_8  | EXTICR[2] *
 251:Drivers/STM32F1xx_HAL_Driver/Inc/stm32f1xx_ll_gpio.h **** #define LL_GPIO_AF_EXTI_LINE11           (0xF000U << 16U | 2U)  /*!< EXTI_POSITION_12 | EXTICR[2] *
 252:Drivers/STM32F1xx_HAL_Driver/Inc/stm32f1xx_ll_gpio.h **** #define LL_GPIO_AF_EXTI_LINE12           (0x000FU << 16U | 3U)  /*!< EXTI_POSITION_0  | EXTICR[3] *
 253:Drivers/STM32F1xx_HAL_Driver/Inc/stm32f1xx_ll_gpio.h **** #define LL_GPIO_AF_EXTI_LINE13           (0x00F0U << 16U | 3U)  /*!< EXTI_POSITION_4  | EXTICR[3] *
 254:Drivers/STM32F1xx_HAL_Driver/Inc/stm32f1xx_ll_gpio.h **** #define LL_GPIO_AF_EXTI_LINE14           (0x0F00U << 16U | 3U)  /*!< EXTI_POSITION_8  | EXTICR[3] *
 255:Drivers/STM32F1xx_HAL_Driver/Inc/stm32f1xx_ll_gpio.h **** #define LL_GPIO_AF_EXTI_LINE15           (0xF000U << 16U | 3U)  /*!< EXTI_POSITION_12 | EXTICR[3] *
 256:Drivers/STM32F1xx_HAL_Driver/Inc/stm32f1xx_ll_gpio.h **** /**
 257:Drivers/STM32F1xx_HAL_Driver/Inc/stm32f1xx_ll_gpio.h ****   * @}
 258:Drivers/STM32F1xx_HAL_Driver/Inc/stm32f1xx_ll_gpio.h ****   */
 259:Drivers/STM32F1xx_HAL_Driver/Inc/stm32f1xx_ll_gpio.h **** 
 260:Drivers/STM32F1xx_HAL_Driver/Inc/stm32f1xx_ll_gpio.h **** /**
 261:Drivers/STM32F1xx_HAL_Driver/Inc/stm32f1xx_ll_gpio.h ****   * @}
 262:Drivers/STM32F1xx_HAL_Driver/Inc/stm32f1xx_ll_gpio.h ****   */
 263:Drivers/STM32F1xx_HAL_Driver/Inc/stm32f1xx_ll_gpio.h **** 
 264:Drivers/STM32F1xx_HAL_Driver/Inc/stm32f1xx_ll_gpio.h **** /* Exported macro ------------------------------------------------------------*/
 265:Drivers/STM32F1xx_HAL_Driver/Inc/stm32f1xx_ll_gpio.h **** /** @defgroup GPIO_LL_Exported_Macros GPIO Exported Macros
 266:Drivers/STM32F1xx_HAL_Driver/Inc/stm32f1xx_ll_gpio.h ****   * @{
 267:Drivers/STM32F1xx_HAL_Driver/Inc/stm32f1xx_ll_gpio.h ****   */
 268:Drivers/STM32F1xx_HAL_Driver/Inc/stm32f1xx_ll_gpio.h **** 
 269:Drivers/STM32F1xx_HAL_Driver/Inc/stm32f1xx_ll_gpio.h **** /** @defgroup GPIO_LL_EM_WRITE_READ Common Write and read registers Macros
 270:Drivers/STM32F1xx_HAL_Driver/Inc/stm32f1xx_ll_gpio.h ****   * @{
 271:Drivers/STM32F1xx_HAL_Driver/Inc/stm32f1xx_ll_gpio.h ****   */
 272:Drivers/STM32F1xx_HAL_Driver/Inc/stm32f1xx_ll_gpio.h **** 
 273:Drivers/STM32F1xx_HAL_Driver/Inc/stm32f1xx_ll_gpio.h **** /**
 274:Drivers/STM32F1xx_HAL_Driver/Inc/stm32f1xx_ll_gpio.h ****   * @brief  Write a value in GPIO register
 275:Drivers/STM32F1xx_HAL_Driver/Inc/stm32f1xx_ll_gpio.h ****   * @param  __INSTANCE__ GPIO Instance
 276:Drivers/STM32F1xx_HAL_Driver/Inc/stm32f1xx_ll_gpio.h ****   * @param  __REG__ Register to be written
 277:Drivers/STM32F1xx_HAL_Driver/Inc/stm32f1xx_ll_gpio.h ****   * @param  __VALUE__ Value to be written in the register
 278:Drivers/STM32F1xx_HAL_Driver/Inc/stm32f1xx_ll_gpio.h ****   * @retval None
 279:Drivers/STM32F1xx_HAL_Driver/Inc/stm32f1xx_ll_gpio.h ****   */
ARM GAS  /tmp/cclbny92.s 			page 7


 280:Drivers/STM32F1xx_HAL_Driver/Inc/stm32f1xx_ll_gpio.h **** #define LL_GPIO_WriteReg(__INSTANCE__, __REG__, __VALUE__) WRITE_REG(__INSTANCE__->__REG__, (__VALU
 281:Drivers/STM32F1xx_HAL_Driver/Inc/stm32f1xx_ll_gpio.h **** 
 282:Drivers/STM32F1xx_HAL_Driver/Inc/stm32f1xx_ll_gpio.h **** /**
 283:Drivers/STM32F1xx_HAL_Driver/Inc/stm32f1xx_ll_gpio.h ****   * @brief  Read a value in GPIO register
 284:Drivers/STM32F1xx_HAL_Driver/Inc/stm32f1xx_ll_gpio.h ****   * @param  __INSTANCE__ GPIO Instance
 285:Drivers/STM32F1xx_HAL_Driver/Inc/stm32f1xx_ll_gpio.h ****   * @param  __REG__ Register to be read
 286:Drivers/STM32F1xx_HAL_Driver/Inc/stm32f1xx_ll_gpio.h ****   * @retval Register value
 287:Drivers/STM32F1xx_HAL_Driver/Inc/stm32f1xx_ll_gpio.h ****   */
 288:Drivers/STM32F1xx_HAL_Driver/Inc/stm32f1xx_ll_gpio.h **** #define LL_GPIO_ReadReg(__INSTANCE__, __REG__) READ_REG(__INSTANCE__->__REG__)
 289:Drivers/STM32F1xx_HAL_Driver/Inc/stm32f1xx_ll_gpio.h **** /**
 290:Drivers/STM32F1xx_HAL_Driver/Inc/stm32f1xx_ll_gpio.h ****   * @}
 291:Drivers/STM32F1xx_HAL_Driver/Inc/stm32f1xx_ll_gpio.h ****   */
 292:Drivers/STM32F1xx_HAL_Driver/Inc/stm32f1xx_ll_gpio.h **** 
 293:Drivers/STM32F1xx_HAL_Driver/Inc/stm32f1xx_ll_gpio.h **** /**
 294:Drivers/STM32F1xx_HAL_Driver/Inc/stm32f1xx_ll_gpio.h ****   * @}
 295:Drivers/STM32F1xx_HAL_Driver/Inc/stm32f1xx_ll_gpio.h ****   */
 296:Drivers/STM32F1xx_HAL_Driver/Inc/stm32f1xx_ll_gpio.h **** 
 297:Drivers/STM32F1xx_HAL_Driver/Inc/stm32f1xx_ll_gpio.h **** /* Exported functions --------------------------------------------------------*/
 298:Drivers/STM32F1xx_HAL_Driver/Inc/stm32f1xx_ll_gpio.h **** /** @defgroup GPIO_LL_Exported_Functions GPIO Exported Functions
 299:Drivers/STM32F1xx_HAL_Driver/Inc/stm32f1xx_ll_gpio.h ****   * @{
 300:Drivers/STM32F1xx_HAL_Driver/Inc/stm32f1xx_ll_gpio.h ****   */
 301:Drivers/STM32F1xx_HAL_Driver/Inc/stm32f1xx_ll_gpio.h **** 
 302:Drivers/STM32F1xx_HAL_Driver/Inc/stm32f1xx_ll_gpio.h **** /** @defgroup GPIO_LL_EF_Port_Configuration Port Configuration
 303:Drivers/STM32F1xx_HAL_Driver/Inc/stm32f1xx_ll_gpio.h ****   * @{
 304:Drivers/STM32F1xx_HAL_Driver/Inc/stm32f1xx_ll_gpio.h ****   */
 305:Drivers/STM32F1xx_HAL_Driver/Inc/stm32f1xx_ll_gpio.h **** 
 306:Drivers/STM32F1xx_HAL_Driver/Inc/stm32f1xx_ll_gpio.h **** /**
 307:Drivers/STM32F1xx_HAL_Driver/Inc/stm32f1xx_ll_gpio.h ****   * @brief  Configure gpio mode for a dedicated pin on dedicated port.
 308:Drivers/STM32F1xx_HAL_Driver/Inc/stm32f1xx_ll_gpio.h ****   * @note   I/O mode can be Analog, Floating input, Input with pull-up/pull-down, General purpose O
 309:Drivers/STM32F1xx_HAL_Driver/Inc/stm32f1xx_ll_gpio.h ****   *         Alternate function Output.
 310:Drivers/STM32F1xx_HAL_Driver/Inc/stm32f1xx_ll_gpio.h ****   * @note   Warning: only one pin can be passed as parameter.
 311:Drivers/STM32F1xx_HAL_Driver/Inc/stm32f1xx_ll_gpio.h ****   * @rmtoll CRL        CNFy         LL_GPIO_SetPinMode
 312:Drivers/STM32F1xx_HAL_Driver/Inc/stm32f1xx_ll_gpio.h ****   * @rmtoll CRL        MODEy        LL_GPIO_SetPinMode
 313:Drivers/STM32F1xx_HAL_Driver/Inc/stm32f1xx_ll_gpio.h ****   * @rmtoll CRH        CNFy         LL_GPIO_SetPinMode
 314:Drivers/STM32F1xx_HAL_Driver/Inc/stm32f1xx_ll_gpio.h ****   * @rmtoll CRH        MODEy        LL_GPIO_SetPinMode
 315:Drivers/STM32F1xx_HAL_Driver/Inc/stm32f1xx_ll_gpio.h ****   * @param  GPIOx GPIO Port
 316:Drivers/STM32F1xx_HAL_Driver/Inc/stm32f1xx_ll_gpio.h ****   * @param  Pin This parameter can be one of the following values:
 317:Drivers/STM32F1xx_HAL_Driver/Inc/stm32f1xx_ll_gpio.h ****   *         @arg @ref LL_GPIO_PIN_0
 318:Drivers/STM32F1xx_HAL_Driver/Inc/stm32f1xx_ll_gpio.h ****   *         @arg @ref LL_GPIO_PIN_1
 319:Drivers/STM32F1xx_HAL_Driver/Inc/stm32f1xx_ll_gpio.h ****   *         @arg @ref LL_GPIO_PIN_2
 320:Drivers/STM32F1xx_HAL_Driver/Inc/stm32f1xx_ll_gpio.h ****   *         @arg @ref LL_GPIO_PIN_3
 321:Drivers/STM32F1xx_HAL_Driver/Inc/stm32f1xx_ll_gpio.h ****   *         @arg @ref LL_GPIO_PIN_4
 322:Drivers/STM32F1xx_HAL_Driver/Inc/stm32f1xx_ll_gpio.h ****   *         @arg @ref LL_GPIO_PIN_5
 323:Drivers/STM32F1xx_HAL_Driver/Inc/stm32f1xx_ll_gpio.h ****   *         @arg @ref LL_GPIO_PIN_6
 324:Drivers/STM32F1xx_HAL_Driver/Inc/stm32f1xx_ll_gpio.h ****   *         @arg @ref LL_GPIO_PIN_7
 325:Drivers/STM32F1xx_HAL_Driver/Inc/stm32f1xx_ll_gpio.h ****   *         @arg @ref LL_GPIO_PIN_8
 326:Drivers/STM32F1xx_HAL_Driver/Inc/stm32f1xx_ll_gpio.h ****   *         @arg @ref LL_GPIO_PIN_9
 327:Drivers/STM32F1xx_HAL_Driver/Inc/stm32f1xx_ll_gpio.h ****   *         @arg @ref LL_GPIO_PIN_10
 328:Drivers/STM32F1xx_HAL_Driver/Inc/stm32f1xx_ll_gpio.h ****   *         @arg @ref LL_GPIO_PIN_11
 329:Drivers/STM32F1xx_HAL_Driver/Inc/stm32f1xx_ll_gpio.h ****   *         @arg @ref LL_GPIO_PIN_12
 330:Drivers/STM32F1xx_HAL_Driver/Inc/stm32f1xx_ll_gpio.h ****   *         @arg @ref LL_GPIO_PIN_13
 331:Drivers/STM32F1xx_HAL_Driver/Inc/stm32f1xx_ll_gpio.h ****   *         @arg @ref LL_GPIO_PIN_14
 332:Drivers/STM32F1xx_HAL_Driver/Inc/stm32f1xx_ll_gpio.h ****   *         @arg @ref LL_GPIO_PIN_15
 333:Drivers/STM32F1xx_HAL_Driver/Inc/stm32f1xx_ll_gpio.h ****   * @param  Mode This parameter can be one of the following values:
 334:Drivers/STM32F1xx_HAL_Driver/Inc/stm32f1xx_ll_gpio.h ****   *         @arg @ref LL_GPIO_MODE_ANALOG
 335:Drivers/STM32F1xx_HAL_Driver/Inc/stm32f1xx_ll_gpio.h ****   *         @arg @ref LL_GPIO_MODE_FLOATING
 336:Drivers/STM32F1xx_HAL_Driver/Inc/stm32f1xx_ll_gpio.h ****   *         @arg @ref LL_GPIO_MODE_INPUT
ARM GAS  /tmp/cclbny92.s 			page 8


 337:Drivers/STM32F1xx_HAL_Driver/Inc/stm32f1xx_ll_gpio.h ****   *         @arg @ref LL_GPIO_MODE_OUTPUT
 338:Drivers/STM32F1xx_HAL_Driver/Inc/stm32f1xx_ll_gpio.h ****   *         @arg @ref LL_GPIO_MODE_ALTERNATE
 339:Drivers/STM32F1xx_HAL_Driver/Inc/stm32f1xx_ll_gpio.h ****   * @retval None
 340:Drivers/STM32F1xx_HAL_Driver/Inc/stm32f1xx_ll_gpio.h ****   */
 341:Drivers/STM32F1xx_HAL_Driver/Inc/stm32f1xx_ll_gpio.h **** __STATIC_INLINE void LL_GPIO_SetPinMode(GPIO_TypeDef *GPIOx, uint32_t Pin, uint32_t Mode)
 342:Drivers/STM32F1xx_HAL_Driver/Inc/stm32f1xx_ll_gpio.h **** {
 343:Drivers/STM32F1xx_HAL_Driver/Inc/stm32f1xx_ll_gpio.h ****   register uint32_t *pReg = (uint32_t *)((uint32_t)((uint32_t)(&GPIOx->CRL) + (Pin >> 24)));
 344:Drivers/STM32F1xx_HAL_Driver/Inc/stm32f1xx_ll_gpio.h ****   MODIFY_REG(*pReg, ((GPIO_CRL_CNF0 | GPIO_CRL_MODE0) << (POSITION_VAL(Pin) * 4U)), (Mode << (POSIT
 345:Drivers/STM32F1xx_HAL_Driver/Inc/stm32f1xx_ll_gpio.h **** }
 346:Drivers/STM32F1xx_HAL_Driver/Inc/stm32f1xx_ll_gpio.h **** 
 347:Drivers/STM32F1xx_HAL_Driver/Inc/stm32f1xx_ll_gpio.h **** /**
 348:Drivers/STM32F1xx_HAL_Driver/Inc/stm32f1xx_ll_gpio.h ****   * @brief  Return gpio mode for a dedicated pin on dedicated port.
 349:Drivers/STM32F1xx_HAL_Driver/Inc/stm32f1xx_ll_gpio.h ****   * @note   I/O mode can be Analog, Floating input, Input with pull-up/pull-down, General purpose O
 350:Drivers/STM32F1xx_HAL_Driver/Inc/stm32f1xx_ll_gpio.h ****   *         Alternate function Output.
 351:Drivers/STM32F1xx_HAL_Driver/Inc/stm32f1xx_ll_gpio.h ****   * @note   Warning: only one pin can be passed as parameter.
 352:Drivers/STM32F1xx_HAL_Driver/Inc/stm32f1xx_ll_gpio.h ****   * @rmtoll CRL        CNFy         LL_GPIO_GetPinMode
 353:Drivers/STM32F1xx_HAL_Driver/Inc/stm32f1xx_ll_gpio.h ****   * @rmtoll CRL        MODEy        LL_GPIO_GetPinMode
 354:Drivers/STM32F1xx_HAL_Driver/Inc/stm32f1xx_ll_gpio.h ****   * @rmtoll CRH        CNFy         LL_GPIO_GetPinMode
 355:Drivers/STM32F1xx_HAL_Driver/Inc/stm32f1xx_ll_gpio.h ****   * @rmtoll CRH        MODEy        LL_GPIO_GetPinMode
 356:Drivers/STM32F1xx_HAL_Driver/Inc/stm32f1xx_ll_gpio.h ****   * @param  GPIOx GPIO Port
 357:Drivers/STM32F1xx_HAL_Driver/Inc/stm32f1xx_ll_gpio.h ****   * @param  Pin This parameter can be one of the following values:
 358:Drivers/STM32F1xx_HAL_Driver/Inc/stm32f1xx_ll_gpio.h ****   *         @arg @ref LL_GPIO_PIN_0
 359:Drivers/STM32F1xx_HAL_Driver/Inc/stm32f1xx_ll_gpio.h ****   *         @arg @ref LL_GPIO_PIN_1
 360:Drivers/STM32F1xx_HAL_Driver/Inc/stm32f1xx_ll_gpio.h ****   *         @arg @ref LL_GPIO_PIN_2
 361:Drivers/STM32F1xx_HAL_Driver/Inc/stm32f1xx_ll_gpio.h ****   *         @arg @ref LL_GPIO_PIN_3
 362:Drivers/STM32F1xx_HAL_Driver/Inc/stm32f1xx_ll_gpio.h ****   *         @arg @ref LL_GPIO_PIN_4
 363:Drivers/STM32F1xx_HAL_Driver/Inc/stm32f1xx_ll_gpio.h ****   *         @arg @ref LL_GPIO_PIN_5
 364:Drivers/STM32F1xx_HAL_Driver/Inc/stm32f1xx_ll_gpio.h ****   *         @arg @ref LL_GPIO_PIN_6
 365:Drivers/STM32F1xx_HAL_Driver/Inc/stm32f1xx_ll_gpio.h ****   *         @arg @ref LL_GPIO_PIN_7
 366:Drivers/STM32F1xx_HAL_Driver/Inc/stm32f1xx_ll_gpio.h ****   *         @arg @ref LL_GPIO_PIN_8
 367:Drivers/STM32F1xx_HAL_Driver/Inc/stm32f1xx_ll_gpio.h ****   *         @arg @ref LL_GPIO_PIN_9
 368:Drivers/STM32F1xx_HAL_Driver/Inc/stm32f1xx_ll_gpio.h ****   *         @arg @ref LL_GPIO_PIN_10
 369:Drivers/STM32F1xx_HAL_Driver/Inc/stm32f1xx_ll_gpio.h ****   *         @arg @ref LL_GPIO_PIN_11
 370:Drivers/STM32F1xx_HAL_Driver/Inc/stm32f1xx_ll_gpio.h ****   *         @arg @ref LL_GPIO_PIN_12
 371:Drivers/STM32F1xx_HAL_Driver/Inc/stm32f1xx_ll_gpio.h ****   *         @arg @ref LL_GPIO_PIN_13
 372:Drivers/STM32F1xx_HAL_Driver/Inc/stm32f1xx_ll_gpio.h ****   *         @arg @ref LL_GPIO_PIN_14
 373:Drivers/STM32F1xx_HAL_Driver/Inc/stm32f1xx_ll_gpio.h ****   *         @arg @ref LL_GPIO_PIN_15
 374:Drivers/STM32F1xx_HAL_Driver/Inc/stm32f1xx_ll_gpio.h ****   * @retval Returned value can be one of the following values:
 375:Drivers/STM32F1xx_HAL_Driver/Inc/stm32f1xx_ll_gpio.h ****   *         @arg @ref LL_GPIO_MODE_ANALOG
 376:Drivers/STM32F1xx_HAL_Driver/Inc/stm32f1xx_ll_gpio.h ****   *         @arg @ref LL_GPIO_MODE_FLOATING
 377:Drivers/STM32F1xx_HAL_Driver/Inc/stm32f1xx_ll_gpio.h ****   *         @arg @ref LL_GPIO_MODE_INPUT
 378:Drivers/STM32F1xx_HAL_Driver/Inc/stm32f1xx_ll_gpio.h ****   *         @arg @ref LL_GPIO_MODE_OUTPUT
 379:Drivers/STM32F1xx_HAL_Driver/Inc/stm32f1xx_ll_gpio.h ****   *         @arg @ref LL_GPIO_MODE_ALTERNATE
 380:Drivers/STM32F1xx_HAL_Driver/Inc/stm32f1xx_ll_gpio.h ****   */
 381:Drivers/STM32F1xx_HAL_Driver/Inc/stm32f1xx_ll_gpio.h **** __STATIC_INLINE uint32_t LL_GPIO_GetPinMode(GPIO_TypeDef *GPIOx, uint32_t Pin)
 382:Drivers/STM32F1xx_HAL_Driver/Inc/stm32f1xx_ll_gpio.h **** {
 383:Drivers/STM32F1xx_HAL_Driver/Inc/stm32f1xx_ll_gpio.h ****   register uint32_t *pReg = (uint32_t *)((uint32_t)((uint32_t)(&GPIOx->CRL) + (Pin >> 24)));
 384:Drivers/STM32F1xx_HAL_Driver/Inc/stm32f1xx_ll_gpio.h ****   return (READ_BIT(*pReg, ((GPIO_CRL_CNF0 | GPIO_CRL_MODE0) << (POSITION_VAL(Pin) * 4U))) >> (POSIT
 385:Drivers/STM32F1xx_HAL_Driver/Inc/stm32f1xx_ll_gpio.h **** }
 386:Drivers/STM32F1xx_HAL_Driver/Inc/stm32f1xx_ll_gpio.h **** 
 387:Drivers/STM32F1xx_HAL_Driver/Inc/stm32f1xx_ll_gpio.h **** /**
 388:Drivers/STM32F1xx_HAL_Driver/Inc/stm32f1xx_ll_gpio.h ****   * @brief  Configure gpio speed for a dedicated pin on dedicated port.
 389:Drivers/STM32F1xx_HAL_Driver/Inc/stm32f1xx_ll_gpio.h ****   * @note   I/O speed can be Low, Medium or Fast speed.
 390:Drivers/STM32F1xx_HAL_Driver/Inc/stm32f1xx_ll_gpio.h ****   * @note   Warning: only one pin can be passed as parameter.
 391:Drivers/STM32F1xx_HAL_Driver/Inc/stm32f1xx_ll_gpio.h ****   * @note   Refer to datasheet for frequency specifications and the power
 392:Drivers/STM32F1xx_HAL_Driver/Inc/stm32f1xx_ll_gpio.h ****   *         supply and load conditions for each speed.
 393:Drivers/STM32F1xx_HAL_Driver/Inc/stm32f1xx_ll_gpio.h ****   * @rmtoll CRL      MODEy       LL_GPIO_SetPinSpeed
ARM GAS  /tmp/cclbny92.s 			page 9


 394:Drivers/STM32F1xx_HAL_Driver/Inc/stm32f1xx_ll_gpio.h ****   * @rmtoll CRH      MODEy       LL_GPIO_SetPinSpeed
 395:Drivers/STM32F1xx_HAL_Driver/Inc/stm32f1xx_ll_gpio.h ****   * @param  GPIOx GPIO Port
 396:Drivers/STM32F1xx_HAL_Driver/Inc/stm32f1xx_ll_gpio.h ****   * @param  Pin This parameter can be one of the following values:
 397:Drivers/STM32F1xx_HAL_Driver/Inc/stm32f1xx_ll_gpio.h ****   *         @arg @ref LL_GPIO_PIN_0
 398:Drivers/STM32F1xx_HAL_Driver/Inc/stm32f1xx_ll_gpio.h ****   *         @arg @ref LL_GPIO_PIN_1
 399:Drivers/STM32F1xx_HAL_Driver/Inc/stm32f1xx_ll_gpio.h ****   *         @arg @ref LL_GPIO_PIN_2
 400:Drivers/STM32F1xx_HAL_Driver/Inc/stm32f1xx_ll_gpio.h ****   *         @arg @ref LL_GPIO_PIN_3
 401:Drivers/STM32F1xx_HAL_Driver/Inc/stm32f1xx_ll_gpio.h ****   *         @arg @ref LL_GPIO_PIN_4
 402:Drivers/STM32F1xx_HAL_Driver/Inc/stm32f1xx_ll_gpio.h ****   *         @arg @ref LL_GPIO_PIN_5
 403:Drivers/STM32F1xx_HAL_Driver/Inc/stm32f1xx_ll_gpio.h ****   *         @arg @ref LL_GPIO_PIN_6
 404:Drivers/STM32F1xx_HAL_Driver/Inc/stm32f1xx_ll_gpio.h ****   *         @arg @ref LL_GPIO_PIN_7
 405:Drivers/STM32F1xx_HAL_Driver/Inc/stm32f1xx_ll_gpio.h ****   *         @arg @ref LL_GPIO_PIN_8
 406:Drivers/STM32F1xx_HAL_Driver/Inc/stm32f1xx_ll_gpio.h ****   *         @arg @ref LL_GPIO_PIN_9
 407:Drivers/STM32F1xx_HAL_Driver/Inc/stm32f1xx_ll_gpio.h ****   *         @arg @ref LL_GPIO_PIN_10
 408:Drivers/STM32F1xx_HAL_Driver/Inc/stm32f1xx_ll_gpio.h ****   *         @arg @ref LL_GPIO_PIN_11
 409:Drivers/STM32F1xx_HAL_Driver/Inc/stm32f1xx_ll_gpio.h ****   *         @arg @ref LL_GPIO_PIN_12
 410:Drivers/STM32F1xx_HAL_Driver/Inc/stm32f1xx_ll_gpio.h ****   *         @arg @ref LL_GPIO_PIN_13
 411:Drivers/STM32F1xx_HAL_Driver/Inc/stm32f1xx_ll_gpio.h ****   *         @arg @ref LL_GPIO_PIN_14
 412:Drivers/STM32F1xx_HAL_Driver/Inc/stm32f1xx_ll_gpio.h ****   *         @arg @ref LL_GPIO_PIN_15
 413:Drivers/STM32F1xx_HAL_Driver/Inc/stm32f1xx_ll_gpio.h ****   * @param  Speed This parameter can be one of the following values:
 414:Drivers/STM32F1xx_HAL_Driver/Inc/stm32f1xx_ll_gpio.h ****   *         @arg @ref LL_GPIO_SPEED_FREQ_LOW
 415:Drivers/STM32F1xx_HAL_Driver/Inc/stm32f1xx_ll_gpio.h ****   *         @arg @ref LL_GPIO_SPEED_FREQ_MEDIUM
 416:Drivers/STM32F1xx_HAL_Driver/Inc/stm32f1xx_ll_gpio.h ****   *         @arg @ref LL_GPIO_SPEED_FREQ_HIGH
 417:Drivers/STM32F1xx_HAL_Driver/Inc/stm32f1xx_ll_gpio.h ****   * @retval None
 418:Drivers/STM32F1xx_HAL_Driver/Inc/stm32f1xx_ll_gpio.h ****   */
 419:Drivers/STM32F1xx_HAL_Driver/Inc/stm32f1xx_ll_gpio.h **** __STATIC_INLINE void LL_GPIO_SetPinSpeed(GPIO_TypeDef *GPIOx, uint32_t Pin, uint32_t  Speed)
 420:Drivers/STM32F1xx_HAL_Driver/Inc/stm32f1xx_ll_gpio.h **** {
 421:Drivers/STM32F1xx_HAL_Driver/Inc/stm32f1xx_ll_gpio.h ****   register uint32_t *pReg = (uint32_t *)((uint32_t)((uint32_t)(&GPIOx->CRL) + (Pin >> 24)));
 422:Drivers/STM32F1xx_HAL_Driver/Inc/stm32f1xx_ll_gpio.h ****   MODIFY_REG(*pReg, (GPIO_CRL_MODE0 << (POSITION_VAL(Pin) * 4U)),
 423:Drivers/STM32F1xx_HAL_Driver/Inc/stm32f1xx_ll_gpio.h ****              (Speed << (POSITION_VAL(Pin) * 4U)));
 424:Drivers/STM32F1xx_HAL_Driver/Inc/stm32f1xx_ll_gpio.h **** }
 425:Drivers/STM32F1xx_HAL_Driver/Inc/stm32f1xx_ll_gpio.h **** 
 426:Drivers/STM32F1xx_HAL_Driver/Inc/stm32f1xx_ll_gpio.h **** /**
 427:Drivers/STM32F1xx_HAL_Driver/Inc/stm32f1xx_ll_gpio.h ****   * @brief  Return gpio speed for a dedicated pin on dedicated port.
 428:Drivers/STM32F1xx_HAL_Driver/Inc/stm32f1xx_ll_gpio.h ****   * @note   I/O speed can be Low, Medium, Fast or High speed.
 429:Drivers/STM32F1xx_HAL_Driver/Inc/stm32f1xx_ll_gpio.h ****   * @note   Warning: only one pin can be passed as parameter.
 430:Drivers/STM32F1xx_HAL_Driver/Inc/stm32f1xx_ll_gpio.h ****   * @note   Refer to datasheet for frequency specifications and the power
 431:Drivers/STM32F1xx_HAL_Driver/Inc/stm32f1xx_ll_gpio.h ****   *         supply and load conditions for each speed.
 432:Drivers/STM32F1xx_HAL_Driver/Inc/stm32f1xx_ll_gpio.h ****   * @rmtoll CRL      MODEy       LL_GPIO_GetPinSpeed
 433:Drivers/STM32F1xx_HAL_Driver/Inc/stm32f1xx_ll_gpio.h ****   * @rmtoll CRH      MODEy       LL_GPIO_GetPinSpeed
 434:Drivers/STM32F1xx_HAL_Driver/Inc/stm32f1xx_ll_gpio.h ****   * @param  GPIOx GPIO Port
 435:Drivers/STM32F1xx_HAL_Driver/Inc/stm32f1xx_ll_gpio.h ****   * @param  Pin This parameter can be one of the following values:
 436:Drivers/STM32F1xx_HAL_Driver/Inc/stm32f1xx_ll_gpio.h ****   *         @arg @ref LL_GPIO_PIN_0
 437:Drivers/STM32F1xx_HAL_Driver/Inc/stm32f1xx_ll_gpio.h ****   *         @arg @ref LL_GPIO_PIN_1
 438:Drivers/STM32F1xx_HAL_Driver/Inc/stm32f1xx_ll_gpio.h ****   *         @arg @ref LL_GPIO_PIN_2
 439:Drivers/STM32F1xx_HAL_Driver/Inc/stm32f1xx_ll_gpio.h ****   *         @arg @ref LL_GPIO_PIN_3
 440:Drivers/STM32F1xx_HAL_Driver/Inc/stm32f1xx_ll_gpio.h ****   *         @arg @ref LL_GPIO_PIN_4
 441:Drivers/STM32F1xx_HAL_Driver/Inc/stm32f1xx_ll_gpio.h ****   *         @arg @ref LL_GPIO_PIN_5
 442:Drivers/STM32F1xx_HAL_Driver/Inc/stm32f1xx_ll_gpio.h ****   *         @arg @ref LL_GPIO_PIN_6
 443:Drivers/STM32F1xx_HAL_Driver/Inc/stm32f1xx_ll_gpio.h ****   *         @arg @ref LL_GPIO_PIN_7
 444:Drivers/STM32F1xx_HAL_Driver/Inc/stm32f1xx_ll_gpio.h ****   *         @arg @ref LL_GPIO_PIN_8
 445:Drivers/STM32F1xx_HAL_Driver/Inc/stm32f1xx_ll_gpio.h ****   *         @arg @ref LL_GPIO_PIN_9
 446:Drivers/STM32F1xx_HAL_Driver/Inc/stm32f1xx_ll_gpio.h ****   *         @arg @ref LL_GPIO_PIN_10
 447:Drivers/STM32F1xx_HAL_Driver/Inc/stm32f1xx_ll_gpio.h ****   *         @arg @ref LL_GPIO_PIN_11
 448:Drivers/STM32F1xx_HAL_Driver/Inc/stm32f1xx_ll_gpio.h ****   *         @arg @ref LL_GPIO_PIN_12
 449:Drivers/STM32F1xx_HAL_Driver/Inc/stm32f1xx_ll_gpio.h ****   *         @arg @ref LL_GPIO_PIN_13
 450:Drivers/STM32F1xx_HAL_Driver/Inc/stm32f1xx_ll_gpio.h ****   *         @arg @ref LL_GPIO_PIN_14
ARM GAS  /tmp/cclbny92.s 			page 10


 451:Drivers/STM32F1xx_HAL_Driver/Inc/stm32f1xx_ll_gpio.h ****   *         @arg @ref LL_GPIO_PIN_15
 452:Drivers/STM32F1xx_HAL_Driver/Inc/stm32f1xx_ll_gpio.h ****   * @retval Returned value can be one of the following values:
 453:Drivers/STM32F1xx_HAL_Driver/Inc/stm32f1xx_ll_gpio.h ****   *         @arg @ref LL_GPIO_SPEED_FREQ_LOW
 454:Drivers/STM32F1xx_HAL_Driver/Inc/stm32f1xx_ll_gpio.h ****   *         @arg @ref LL_GPIO_SPEED_FREQ_MEDIUM
 455:Drivers/STM32F1xx_HAL_Driver/Inc/stm32f1xx_ll_gpio.h ****   *         @arg @ref LL_GPIO_SPEED_FREQ_HIGH
 456:Drivers/STM32F1xx_HAL_Driver/Inc/stm32f1xx_ll_gpio.h ****   */
 457:Drivers/STM32F1xx_HAL_Driver/Inc/stm32f1xx_ll_gpio.h **** __STATIC_INLINE uint32_t LL_GPIO_GetPinSpeed(GPIO_TypeDef *GPIOx, uint32_t Pin)
 458:Drivers/STM32F1xx_HAL_Driver/Inc/stm32f1xx_ll_gpio.h **** {
 459:Drivers/STM32F1xx_HAL_Driver/Inc/stm32f1xx_ll_gpio.h ****   register uint32_t *pReg = (uint32_t *)((uint32_t)((uint32_t)(&GPIOx->CRL) + (Pin >> 24)));
 460:Drivers/STM32F1xx_HAL_Driver/Inc/stm32f1xx_ll_gpio.h ****   return (READ_BIT(*pReg, (GPIO_CRL_MODE0 << (POSITION_VAL(Pin) * 4U))) >> (POSITION_VAL(Pin) * 4U)
 461:Drivers/STM32F1xx_HAL_Driver/Inc/stm32f1xx_ll_gpio.h **** }
 462:Drivers/STM32F1xx_HAL_Driver/Inc/stm32f1xx_ll_gpio.h **** 
 463:Drivers/STM32F1xx_HAL_Driver/Inc/stm32f1xx_ll_gpio.h **** /**
 464:Drivers/STM32F1xx_HAL_Driver/Inc/stm32f1xx_ll_gpio.h ****   * @brief  Configure gpio output type for several pins on dedicated port.
 465:Drivers/STM32F1xx_HAL_Driver/Inc/stm32f1xx_ll_gpio.h ****   * @note   Output type as to be set when gpio pin is in output or
 466:Drivers/STM32F1xx_HAL_Driver/Inc/stm32f1xx_ll_gpio.h ****   *         alternate modes. Possible type are Push-pull or Open-drain.
 467:Drivers/STM32F1xx_HAL_Driver/Inc/stm32f1xx_ll_gpio.h ****   * @rmtoll CRL       MODEy           LL_GPIO_SetPinOutputType
 468:Drivers/STM32F1xx_HAL_Driver/Inc/stm32f1xx_ll_gpio.h ****   * @rmtoll CRH       MODEy           LL_GPIO_SetPinOutputType
 469:Drivers/STM32F1xx_HAL_Driver/Inc/stm32f1xx_ll_gpio.h ****   * @param  GPIOx GPIO Port
 470:Drivers/STM32F1xx_HAL_Driver/Inc/stm32f1xx_ll_gpio.h ****   * @param  Pin This parameter can be a combination of the following values:
 471:Drivers/STM32F1xx_HAL_Driver/Inc/stm32f1xx_ll_gpio.h ****   *         @arg @ref LL_GPIO_PIN_0
 472:Drivers/STM32F1xx_HAL_Driver/Inc/stm32f1xx_ll_gpio.h ****   *         @arg @ref LL_GPIO_PIN_1
 473:Drivers/STM32F1xx_HAL_Driver/Inc/stm32f1xx_ll_gpio.h ****   *         @arg @ref LL_GPIO_PIN_2
 474:Drivers/STM32F1xx_HAL_Driver/Inc/stm32f1xx_ll_gpio.h ****   *         @arg @ref LL_GPIO_PIN_3
 475:Drivers/STM32F1xx_HAL_Driver/Inc/stm32f1xx_ll_gpio.h ****   *         @arg @ref LL_GPIO_PIN_4
 476:Drivers/STM32F1xx_HAL_Driver/Inc/stm32f1xx_ll_gpio.h ****   *         @arg @ref LL_GPIO_PIN_5
 477:Drivers/STM32F1xx_HAL_Driver/Inc/stm32f1xx_ll_gpio.h ****   *         @arg @ref LL_GPIO_PIN_6
 478:Drivers/STM32F1xx_HAL_Driver/Inc/stm32f1xx_ll_gpio.h ****   *         @arg @ref LL_GPIO_PIN_7
 479:Drivers/STM32F1xx_HAL_Driver/Inc/stm32f1xx_ll_gpio.h ****   *         @arg @ref LL_GPIO_PIN_8
 480:Drivers/STM32F1xx_HAL_Driver/Inc/stm32f1xx_ll_gpio.h ****   *         @arg @ref LL_GPIO_PIN_9
 481:Drivers/STM32F1xx_HAL_Driver/Inc/stm32f1xx_ll_gpio.h ****   *         @arg @ref LL_GPIO_PIN_10
 482:Drivers/STM32F1xx_HAL_Driver/Inc/stm32f1xx_ll_gpio.h ****   *         @arg @ref LL_GPIO_PIN_11
 483:Drivers/STM32F1xx_HAL_Driver/Inc/stm32f1xx_ll_gpio.h ****   *         @arg @ref LL_GPIO_PIN_12
 484:Drivers/STM32F1xx_HAL_Driver/Inc/stm32f1xx_ll_gpio.h ****   *         @arg @ref LL_GPIO_PIN_13
 485:Drivers/STM32F1xx_HAL_Driver/Inc/stm32f1xx_ll_gpio.h ****   *         @arg @ref LL_GPIO_PIN_14
 486:Drivers/STM32F1xx_HAL_Driver/Inc/stm32f1xx_ll_gpio.h ****   *         @arg @ref LL_GPIO_PIN_15
 487:Drivers/STM32F1xx_HAL_Driver/Inc/stm32f1xx_ll_gpio.h ****   *         @arg @ref LL_GPIO_PIN_ALL
 488:Drivers/STM32F1xx_HAL_Driver/Inc/stm32f1xx_ll_gpio.h ****   * @param  OutputType This parameter can be one of the following values:
 489:Drivers/STM32F1xx_HAL_Driver/Inc/stm32f1xx_ll_gpio.h ****   *         @arg @ref LL_GPIO_OUTPUT_PUSHPULL
 490:Drivers/STM32F1xx_HAL_Driver/Inc/stm32f1xx_ll_gpio.h ****   *         @arg @ref LL_GPIO_OUTPUT_OPENDRAIN
 491:Drivers/STM32F1xx_HAL_Driver/Inc/stm32f1xx_ll_gpio.h ****   * @retval None
 492:Drivers/STM32F1xx_HAL_Driver/Inc/stm32f1xx_ll_gpio.h ****   */
 493:Drivers/STM32F1xx_HAL_Driver/Inc/stm32f1xx_ll_gpio.h **** __STATIC_INLINE void LL_GPIO_SetPinOutputType(GPIO_TypeDef *GPIOx, uint32_t Pin, uint32_t OutputTyp
 494:Drivers/STM32F1xx_HAL_Driver/Inc/stm32f1xx_ll_gpio.h **** {
 495:Drivers/STM32F1xx_HAL_Driver/Inc/stm32f1xx_ll_gpio.h ****   register uint32_t *pReg = (uint32_t *)((uint32_t)((uint32_t)(&GPIOx->CRL) + (Pin >> 24)));
 496:Drivers/STM32F1xx_HAL_Driver/Inc/stm32f1xx_ll_gpio.h ****   MODIFY_REG(*pReg, (GPIO_CRL_CNF0_0 << (POSITION_VAL(Pin) * 4U)),
 497:Drivers/STM32F1xx_HAL_Driver/Inc/stm32f1xx_ll_gpio.h ****              (OutputType << (POSITION_VAL(Pin) * 4U)));
 498:Drivers/STM32F1xx_HAL_Driver/Inc/stm32f1xx_ll_gpio.h **** }
 499:Drivers/STM32F1xx_HAL_Driver/Inc/stm32f1xx_ll_gpio.h **** 
 500:Drivers/STM32F1xx_HAL_Driver/Inc/stm32f1xx_ll_gpio.h **** /**
 501:Drivers/STM32F1xx_HAL_Driver/Inc/stm32f1xx_ll_gpio.h ****   * @brief  Return gpio output type for several pins on dedicated port.
 502:Drivers/STM32F1xx_HAL_Driver/Inc/stm32f1xx_ll_gpio.h ****   * @note   Output type as to be set when gpio pin is in output or
 503:Drivers/STM32F1xx_HAL_Driver/Inc/stm32f1xx_ll_gpio.h ****   *         alternate modes. Possible type are Push-pull or Open-drain.
 504:Drivers/STM32F1xx_HAL_Driver/Inc/stm32f1xx_ll_gpio.h ****   * @note   Warning: only one pin can be passed as parameter.
 505:Drivers/STM32F1xx_HAL_Driver/Inc/stm32f1xx_ll_gpio.h ****   * @rmtoll CRL       MODEy       LL_GPIO_GetPinOutputType
 506:Drivers/STM32F1xx_HAL_Driver/Inc/stm32f1xx_ll_gpio.h ****   * @rmtoll CRH       MODEy       LL_GPIO_GetPinOutputType
 507:Drivers/STM32F1xx_HAL_Driver/Inc/stm32f1xx_ll_gpio.h ****   * @param  GPIOx GPIO Port
ARM GAS  /tmp/cclbny92.s 			page 11


 508:Drivers/STM32F1xx_HAL_Driver/Inc/stm32f1xx_ll_gpio.h ****   * @param  Pin This parameter can be one of the following values:
 509:Drivers/STM32F1xx_HAL_Driver/Inc/stm32f1xx_ll_gpio.h ****   *         @arg @ref LL_GPIO_PIN_0
 510:Drivers/STM32F1xx_HAL_Driver/Inc/stm32f1xx_ll_gpio.h ****   *         @arg @ref LL_GPIO_PIN_1
 511:Drivers/STM32F1xx_HAL_Driver/Inc/stm32f1xx_ll_gpio.h ****   *         @arg @ref LL_GPIO_PIN_2
 512:Drivers/STM32F1xx_HAL_Driver/Inc/stm32f1xx_ll_gpio.h ****   *         @arg @ref LL_GPIO_PIN_3
 513:Drivers/STM32F1xx_HAL_Driver/Inc/stm32f1xx_ll_gpio.h ****   *         @arg @ref LL_GPIO_PIN_4
 514:Drivers/STM32F1xx_HAL_Driver/Inc/stm32f1xx_ll_gpio.h ****   *         @arg @ref LL_GPIO_PIN_5
 515:Drivers/STM32F1xx_HAL_Driver/Inc/stm32f1xx_ll_gpio.h ****   *         @arg @ref LL_GPIO_PIN_6
 516:Drivers/STM32F1xx_HAL_Driver/Inc/stm32f1xx_ll_gpio.h ****   *         @arg @ref LL_GPIO_PIN_7
 517:Drivers/STM32F1xx_HAL_Driver/Inc/stm32f1xx_ll_gpio.h ****   *         @arg @ref LL_GPIO_PIN_8
 518:Drivers/STM32F1xx_HAL_Driver/Inc/stm32f1xx_ll_gpio.h ****   *         @arg @ref LL_GPIO_PIN_9
 519:Drivers/STM32F1xx_HAL_Driver/Inc/stm32f1xx_ll_gpio.h ****   *         @arg @ref LL_GPIO_PIN_10
 520:Drivers/STM32F1xx_HAL_Driver/Inc/stm32f1xx_ll_gpio.h ****   *         @arg @ref LL_GPIO_PIN_11
 521:Drivers/STM32F1xx_HAL_Driver/Inc/stm32f1xx_ll_gpio.h ****   *         @arg @ref LL_GPIO_PIN_12
 522:Drivers/STM32F1xx_HAL_Driver/Inc/stm32f1xx_ll_gpio.h ****   *         @arg @ref LL_GPIO_PIN_13
 523:Drivers/STM32F1xx_HAL_Driver/Inc/stm32f1xx_ll_gpio.h ****   *         @arg @ref LL_GPIO_PIN_14
 524:Drivers/STM32F1xx_HAL_Driver/Inc/stm32f1xx_ll_gpio.h ****   *         @arg @ref LL_GPIO_PIN_15
 525:Drivers/STM32F1xx_HAL_Driver/Inc/stm32f1xx_ll_gpio.h ****   *         @arg @ref LL_GPIO_PIN_ALL
 526:Drivers/STM32F1xx_HAL_Driver/Inc/stm32f1xx_ll_gpio.h ****   * @retval Returned value can be one of the following values:
 527:Drivers/STM32F1xx_HAL_Driver/Inc/stm32f1xx_ll_gpio.h ****   *         @arg @ref LL_GPIO_OUTPUT_PUSHPULL
 528:Drivers/STM32F1xx_HAL_Driver/Inc/stm32f1xx_ll_gpio.h ****   *         @arg @ref LL_GPIO_OUTPUT_OPENDRAIN
 529:Drivers/STM32F1xx_HAL_Driver/Inc/stm32f1xx_ll_gpio.h ****   */
 530:Drivers/STM32F1xx_HAL_Driver/Inc/stm32f1xx_ll_gpio.h **** __STATIC_INLINE uint32_t LL_GPIO_GetPinOutputType(GPIO_TypeDef *GPIOx, uint32_t Pin)
 531:Drivers/STM32F1xx_HAL_Driver/Inc/stm32f1xx_ll_gpio.h **** {
 532:Drivers/STM32F1xx_HAL_Driver/Inc/stm32f1xx_ll_gpio.h ****   register uint32_t *pReg = (uint32_t *)((uint32_t)((uint32_t)(&GPIOx->CRL) + (Pin >> 24)));
 533:Drivers/STM32F1xx_HAL_Driver/Inc/stm32f1xx_ll_gpio.h ****   return (READ_BIT(*pReg, (GPIO_CRL_CNF0_0 << (POSITION_VAL(Pin) * 4U))) >> (POSITION_VAL(Pin) * 4U
 534:Drivers/STM32F1xx_HAL_Driver/Inc/stm32f1xx_ll_gpio.h **** 
 535:Drivers/STM32F1xx_HAL_Driver/Inc/stm32f1xx_ll_gpio.h **** }
 536:Drivers/STM32F1xx_HAL_Driver/Inc/stm32f1xx_ll_gpio.h **** 
 537:Drivers/STM32F1xx_HAL_Driver/Inc/stm32f1xx_ll_gpio.h **** /**
 538:Drivers/STM32F1xx_HAL_Driver/Inc/stm32f1xx_ll_gpio.h ****   * @brief  Configure gpio pull-up or pull-down for a dedicated pin on a dedicated port.
 539:Drivers/STM32F1xx_HAL_Driver/Inc/stm32f1xx_ll_gpio.h ****   * @note   Warning: only one pin can be passed as parameter.
 540:Drivers/STM32F1xx_HAL_Driver/Inc/stm32f1xx_ll_gpio.h ****   * @rmtoll ODR        ODR         LL_GPIO_SetPinPull
 541:Drivers/STM32F1xx_HAL_Driver/Inc/stm32f1xx_ll_gpio.h ****   * @param  GPIOx GPIO Port
 542:Drivers/STM32F1xx_HAL_Driver/Inc/stm32f1xx_ll_gpio.h ****   * @param  Pin This parameter can be one of the following values:
 543:Drivers/STM32F1xx_HAL_Driver/Inc/stm32f1xx_ll_gpio.h ****   *         @arg @ref LL_GPIO_PIN_0
 544:Drivers/STM32F1xx_HAL_Driver/Inc/stm32f1xx_ll_gpio.h ****   *         @arg @ref LL_GPIO_PIN_1
 545:Drivers/STM32F1xx_HAL_Driver/Inc/stm32f1xx_ll_gpio.h ****   *         @arg @ref LL_GPIO_PIN_2
 546:Drivers/STM32F1xx_HAL_Driver/Inc/stm32f1xx_ll_gpio.h ****   *         @arg @ref LL_GPIO_PIN_3
 547:Drivers/STM32F1xx_HAL_Driver/Inc/stm32f1xx_ll_gpio.h ****   *         @arg @ref LL_GPIO_PIN_4
 548:Drivers/STM32F1xx_HAL_Driver/Inc/stm32f1xx_ll_gpio.h ****   *         @arg @ref LL_GPIO_PIN_5
 549:Drivers/STM32F1xx_HAL_Driver/Inc/stm32f1xx_ll_gpio.h ****   *         @arg @ref LL_GPIO_PIN_6
 550:Drivers/STM32F1xx_HAL_Driver/Inc/stm32f1xx_ll_gpio.h ****   *         @arg @ref LL_GPIO_PIN_7
 551:Drivers/STM32F1xx_HAL_Driver/Inc/stm32f1xx_ll_gpio.h ****   *         @arg @ref LL_GPIO_PIN_8
 552:Drivers/STM32F1xx_HAL_Driver/Inc/stm32f1xx_ll_gpio.h ****   *         @arg @ref LL_GPIO_PIN_9
 553:Drivers/STM32F1xx_HAL_Driver/Inc/stm32f1xx_ll_gpio.h ****   *         @arg @ref LL_GPIO_PIN_10
 554:Drivers/STM32F1xx_HAL_Driver/Inc/stm32f1xx_ll_gpio.h ****   *         @arg @ref LL_GPIO_PIN_11
 555:Drivers/STM32F1xx_HAL_Driver/Inc/stm32f1xx_ll_gpio.h ****   *         @arg @ref LL_GPIO_PIN_12
 556:Drivers/STM32F1xx_HAL_Driver/Inc/stm32f1xx_ll_gpio.h ****   *         @arg @ref LL_GPIO_PIN_13
 557:Drivers/STM32F1xx_HAL_Driver/Inc/stm32f1xx_ll_gpio.h ****   *         @arg @ref LL_GPIO_PIN_14
 558:Drivers/STM32F1xx_HAL_Driver/Inc/stm32f1xx_ll_gpio.h ****   *         @arg @ref LL_GPIO_PIN_15
 559:Drivers/STM32F1xx_HAL_Driver/Inc/stm32f1xx_ll_gpio.h ****   * @param  Pull This parameter can be one of the following values:
 560:Drivers/STM32F1xx_HAL_Driver/Inc/stm32f1xx_ll_gpio.h ****   *         @arg @ref LL_GPIO_PULL_DOWN
 561:Drivers/STM32F1xx_HAL_Driver/Inc/stm32f1xx_ll_gpio.h ****   *         @arg @ref LL_GPIO_PULL_UP
 562:Drivers/STM32F1xx_HAL_Driver/Inc/stm32f1xx_ll_gpio.h ****   * @retval None
 563:Drivers/STM32F1xx_HAL_Driver/Inc/stm32f1xx_ll_gpio.h ****   */
 564:Drivers/STM32F1xx_HAL_Driver/Inc/stm32f1xx_ll_gpio.h **** __STATIC_INLINE void LL_GPIO_SetPinPull(GPIO_TypeDef *GPIOx, uint32_t Pin, uint32_t Pull)
ARM GAS  /tmp/cclbny92.s 			page 12


 565:Drivers/STM32F1xx_HAL_Driver/Inc/stm32f1xx_ll_gpio.h **** {
 566:Drivers/STM32F1xx_HAL_Driver/Inc/stm32f1xx_ll_gpio.h ****   MODIFY_REG(GPIOx->ODR, (Pin >> GPIO_PIN_MASK_POS), Pull << (POSITION_VAL(Pin >> GPIO_PIN_MASK_POS
 567:Drivers/STM32F1xx_HAL_Driver/Inc/stm32f1xx_ll_gpio.h **** }
 568:Drivers/STM32F1xx_HAL_Driver/Inc/stm32f1xx_ll_gpio.h **** 
 569:Drivers/STM32F1xx_HAL_Driver/Inc/stm32f1xx_ll_gpio.h **** /**
 570:Drivers/STM32F1xx_HAL_Driver/Inc/stm32f1xx_ll_gpio.h ****   * @brief  Return gpio pull-up or pull-down for a dedicated pin on a dedicated port
 571:Drivers/STM32F1xx_HAL_Driver/Inc/stm32f1xx_ll_gpio.h ****   * @note   Warning: only one pin can be passed as parameter.
 572:Drivers/STM32F1xx_HAL_Driver/Inc/stm32f1xx_ll_gpio.h ****   * @rmtoll ODR        ODR         LL_GPIO_GetPinPull
 573:Drivers/STM32F1xx_HAL_Driver/Inc/stm32f1xx_ll_gpio.h ****   * @param  GPIOx GPIO Port
 574:Drivers/STM32F1xx_HAL_Driver/Inc/stm32f1xx_ll_gpio.h ****   * @param  Pin This parameter can be one of the following values:
 575:Drivers/STM32F1xx_HAL_Driver/Inc/stm32f1xx_ll_gpio.h ****   *         @arg @ref LL_GPIO_PIN_0
 576:Drivers/STM32F1xx_HAL_Driver/Inc/stm32f1xx_ll_gpio.h ****   *         @arg @ref LL_GPIO_PIN_1
 577:Drivers/STM32F1xx_HAL_Driver/Inc/stm32f1xx_ll_gpio.h ****   *         @arg @ref LL_GPIO_PIN_2
 578:Drivers/STM32F1xx_HAL_Driver/Inc/stm32f1xx_ll_gpio.h ****   *         @arg @ref LL_GPIO_PIN_3
 579:Drivers/STM32F1xx_HAL_Driver/Inc/stm32f1xx_ll_gpio.h ****   *         @arg @ref LL_GPIO_PIN_4
 580:Drivers/STM32F1xx_HAL_Driver/Inc/stm32f1xx_ll_gpio.h ****   *         @arg @ref LL_GPIO_PIN_5
 581:Drivers/STM32F1xx_HAL_Driver/Inc/stm32f1xx_ll_gpio.h ****   *         @arg @ref LL_GPIO_PIN_6
 582:Drivers/STM32F1xx_HAL_Driver/Inc/stm32f1xx_ll_gpio.h ****   *         @arg @ref LL_GPIO_PIN_7
 583:Drivers/STM32F1xx_HAL_Driver/Inc/stm32f1xx_ll_gpio.h ****   *         @arg @ref LL_GPIO_PIN_8
 584:Drivers/STM32F1xx_HAL_Driver/Inc/stm32f1xx_ll_gpio.h ****   *         @arg @ref LL_GPIO_PIN_9
 585:Drivers/STM32F1xx_HAL_Driver/Inc/stm32f1xx_ll_gpio.h ****   *         @arg @ref LL_GPIO_PIN_10
 586:Drivers/STM32F1xx_HAL_Driver/Inc/stm32f1xx_ll_gpio.h ****   *         @arg @ref LL_GPIO_PIN_11
 587:Drivers/STM32F1xx_HAL_Driver/Inc/stm32f1xx_ll_gpio.h ****   *         @arg @ref LL_GPIO_PIN_12
 588:Drivers/STM32F1xx_HAL_Driver/Inc/stm32f1xx_ll_gpio.h ****   *         @arg @ref LL_GPIO_PIN_13
 589:Drivers/STM32F1xx_HAL_Driver/Inc/stm32f1xx_ll_gpio.h ****   *         @arg @ref LL_GPIO_PIN_14
 590:Drivers/STM32F1xx_HAL_Driver/Inc/stm32f1xx_ll_gpio.h ****   *         @arg @ref LL_GPIO_PIN_15
 591:Drivers/STM32F1xx_HAL_Driver/Inc/stm32f1xx_ll_gpio.h ****   * @retval Returned value can be one of the following values:
 592:Drivers/STM32F1xx_HAL_Driver/Inc/stm32f1xx_ll_gpio.h ****   *         @arg @ref LL_GPIO_PULL_DOWN
 593:Drivers/STM32F1xx_HAL_Driver/Inc/stm32f1xx_ll_gpio.h ****   *         @arg @ref LL_GPIO_PULL_UP
 594:Drivers/STM32F1xx_HAL_Driver/Inc/stm32f1xx_ll_gpio.h ****   */
 595:Drivers/STM32F1xx_HAL_Driver/Inc/stm32f1xx_ll_gpio.h **** __STATIC_INLINE uint32_t LL_GPIO_GetPinPull(GPIO_TypeDef *GPIOx, uint32_t Pin)
 596:Drivers/STM32F1xx_HAL_Driver/Inc/stm32f1xx_ll_gpio.h **** {
 597:Drivers/STM32F1xx_HAL_Driver/Inc/stm32f1xx_ll_gpio.h ****   return (READ_BIT(GPIOx->ODR, (GPIO_ODR_ODR0 << (POSITION_VAL(Pin >> GPIO_PIN_MASK_POS)))) >> (POS
 598:Drivers/STM32F1xx_HAL_Driver/Inc/stm32f1xx_ll_gpio.h **** }
 599:Drivers/STM32F1xx_HAL_Driver/Inc/stm32f1xx_ll_gpio.h **** 
 600:Drivers/STM32F1xx_HAL_Driver/Inc/stm32f1xx_ll_gpio.h **** /**
 601:Drivers/STM32F1xx_HAL_Driver/Inc/stm32f1xx_ll_gpio.h ****   * @brief  Lock configuration of several pins for a dedicated port.
 602:Drivers/STM32F1xx_HAL_Driver/Inc/stm32f1xx_ll_gpio.h ****   * @note   When the lock sequence has been applied on a port bit, the
 603:Drivers/STM32F1xx_HAL_Driver/Inc/stm32f1xx_ll_gpio.h ****   *         value of this port bit can no longer be modified until the
 604:Drivers/STM32F1xx_HAL_Driver/Inc/stm32f1xx_ll_gpio.h ****   *         next reset.
 605:Drivers/STM32F1xx_HAL_Driver/Inc/stm32f1xx_ll_gpio.h ****   * @note   Each lock bit freezes a specific configuration register
 606:Drivers/STM32F1xx_HAL_Driver/Inc/stm32f1xx_ll_gpio.h ****   *         (control and alternate function registers).
 607:Drivers/STM32F1xx_HAL_Driver/Inc/stm32f1xx_ll_gpio.h ****   * @rmtoll LCKR         LCKK          LL_GPIO_LockPin
 608:Drivers/STM32F1xx_HAL_Driver/Inc/stm32f1xx_ll_gpio.h ****   * @param  GPIOx GPIO Port
 609:Drivers/STM32F1xx_HAL_Driver/Inc/stm32f1xx_ll_gpio.h ****   * @param  PinMask This parameter can be a combination of the following values:
 610:Drivers/STM32F1xx_HAL_Driver/Inc/stm32f1xx_ll_gpio.h ****   *         @arg @ref LL_GPIO_PIN_0
 611:Drivers/STM32F1xx_HAL_Driver/Inc/stm32f1xx_ll_gpio.h ****   *         @arg @ref LL_GPIO_PIN_1
 612:Drivers/STM32F1xx_HAL_Driver/Inc/stm32f1xx_ll_gpio.h ****   *         @arg @ref LL_GPIO_PIN_2
 613:Drivers/STM32F1xx_HAL_Driver/Inc/stm32f1xx_ll_gpio.h ****   *         @arg @ref LL_GPIO_PIN_3
 614:Drivers/STM32F1xx_HAL_Driver/Inc/stm32f1xx_ll_gpio.h ****   *         @arg @ref LL_GPIO_PIN_4
 615:Drivers/STM32F1xx_HAL_Driver/Inc/stm32f1xx_ll_gpio.h ****   *         @arg @ref LL_GPIO_PIN_5
 616:Drivers/STM32F1xx_HAL_Driver/Inc/stm32f1xx_ll_gpio.h ****   *         @arg @ref LL_GPIO_PIN_6
 617:Drivers/STM32F1xx_HAL_Driver/Inc/stm32f1xx_ll_gpio.h ****   *         @arg @ref LL_GPIO_PIN_7
 618:Drivers/STM32F1xx_HAL_Driver/Inc/stm32f1xx_ll_gpio.h ****   *         @arg @ref LL_GPIO_PIN_8
 619:Drivers/STM32F1xx_HAL_Driver/Inc/stm32f1xx_ll_gpio.h ****   *         @arg @ref LL_GPIO_PIN_9
 620:Drivers/STM32F1xx_HAL_Driver/Inc/stm32f1xx_ll_gpio.h ****   *         @arg @ref LL_GPIO_PIN_10
 621:Drivers/STM32F1xx_HAL_Driver/Inc/stm32f1xx_ll_gpio.h ****   *         @arg @ref LL_GPIO_PIN_11
ARM GAS  /tmp/cclbny92.s 			page 13


 622:Drivers/STM32F1xx_HAL_Driver/Inc/stm32f1xx_ll_gpio.h ****   *         @arg @ref LL_GPIO_PIN_12
 623:Drivers/STM32F1xx_HAL_Driver/Inc/stm32f1xx_ll_gpio.h ****   *         @arg @ref LL_GPIO_PIN_13
 624:Drivers/STM32F1xx_HAL_Driver/Inc/stm32f1xx_ll_gpio.h ****   *         @arg @ref LL_GPIO_PIN_14
 625:Drivers/STM32F1xx_HAL_Driver/Inc/stm32f1xx_ll_gpio.h ****   *         @arg @ref LL_GPIO_PIN_15
 626:Drivers/STM32F1xx_HAL_Driver/Inc/stm32f1xx_ll_gpio.h ****   *         @arg @ref LL_GPIO_PIN_ALL
 627:Drivers/STM32F1xx_HAL_Driver/Inc/stm32f1xx_ll_gpio.h ****   * @retval None
 628:Drivers/STM32F1xx_HAL_Driver/Inc/stm32f1xx_ll_gpio.h ****   */
 629:Drivers/STM32F1xx_HAL_Driver/Inc/stm32f1xx_ll_gpio.h **** __STATIC_INLINE void LL_GPIO_LockPin(GPIO_TypeDef *GPIOx, uint32_t PinMask)
 630:Drivers/STM32F1xx_HAL_Driver/Inc/stm32f1xx_ll_gpio.h **** {
 631:Drivers/STM32F1xx_HAL_Driver/Inc/stm32f1xx_ll_gpio.h ****   __IO uint32_t temp;
 632:Drivers/STM32F1xx_HAL_Driver/Inc/stm32f1xx_ll_gpio.h ****   WRITE_REG(GPIOx->LCKR, GPIO_LCKR_LCKK | ((PinMask >> GPIO_PIN_MASK_POS) & 0x0000FFFFU));
 633:Drivers/STM32F1xx_HAL_Driver/Inc/stm32f1xx_ll_gpio.h ****   WRITE_REG(GPIOx->LCKR, ((PinMask >> GPIO_PIN_MASK_POS) & 0x0000FFFFU));
 634:Drivers/STM32F1xx_HAL_Driver/Inc/stm32f1xx_ll_gpio.h ****   WRITE_REG(GPIOx->LCKR, GPIO_LCKR_LCKK | ((PinMask >> GPIO_PIN_MASK_POS) & 0x0000FFFFU));
 635:Drivers/STM32F1xx_HAL_Driver/Inc/stm32f1xx_ll_gpio.h ****   temp = READ_REG(GPIOx->LCKR);
 636:Drivers/STM32F1xx_HAL_Driver/Inc/stm32f1xx_ll_gpio.h ****   (void) temp;
 637:Drivers/STM32F1xx_HAL_Driver/Inc/stm32f1xx_ll_gpio.h **** }
 638:Drivers/STM32F1xx_HAL_Driver/Inc/stm32f1xx_ll_gpio.h **** 
 639:Drivers/STM32F1xx_HAL_Driver/Inc/stm32f1xx_ll_gpio.h **** /**
 640:Drivers/STM32F1xx_HAL_Driver/Inc/stm32f1xx_ll_gpio.h ****   * @brief  Return 1 if all pins passed as parameter, of a dedicated port, are locked. else Return 
 641:Drivers/STM32F1xx_HAL_Driver/Inc/stm32f1xx_ll_gpio.h ****   * @rmtoll LCKR         LCKy          LL_GPIO_IsPinLocked
 642:Drivers/STM32F1xx_HAL_Driver/Inc/stm32f1xx_ll_gpio.h ****   * @param  GPIOx GPIO Port
 643:Drivers/STM32F1xx_HAL_Driver/Inc/stm32f1xx_ll_gpio.h ****   * @param  PinMask This parameter can be a combination of the following values:
 644:Drivers/STM32F1xx_HAL_Driver/Inc/stm32f1xx_ll_gpio.h ****   *         @arg @ref LL_GPIO_PIN_0
 645:Drivers/STM32F1xx_HAL_Driver/Inc/stm32f1xx_ll_gpio.h ****   *         @arg @ref LL_GPIO_PIN_1
 646:Drivers/STM32F1xx_HAL_Driver/Inc/stm32f1xx_ll_gpio.h ****   *         @arg @ref LL_GPIO_PIN_2
 647:Drivers/STM32F1xx_HAL_Driver/Inc/stm32f1xx_ll_gpio.h ****   *         @arg @ref LL_GPIO_PIN_3
 648:Drivers/STM32F1xx_HAL_Driver/Inc/stm32f1xx_ll_gpio.h ****   *         @arg @ref LL_GPIO_PIN_4
 649:Drivers/STM32F1xx_HAL_Driver/Inc/stm32f1xx_ll_gpio.h ****   *         @arg @ref LL_GPIO_PIN_5
 650:Drivers/STM32F1xx_HAL_Driver/Inc/stm32f1xx_ll_gpio.h ****   *         @arg @ref LL_GPIO_PIN_6
 651:Drivers/STM32F1xx_HAL_Driver/Inc/stm32f1xx_ll_gpio.h ****   *         @arg @ref LL_GPIO_PIN_7
 652:Drivers/STM32F1xx_HAL_Driver/Inc/stm32f1xx_ll_gpio.h ****   *         @arg @ref LL_GPIO_PIN_8
 653:Drivers/STM32F1xx_HAL_Driver/Inc/stm32f1xx_ll_gpio.h ****   *         @arg @ref LL_GPIO_PIN_9
 654:Drivers/STM32F1xx_HAL_Driver/Inc/stm32f1xx_ll_gpio.h ****   *         @arg @ref LL_GPIO_PIN_10
 655:Drivers/STM32F1xx_HAL_Driver/Inc/stm32f1xx_ll_gpio.h ****   *         @arg @ref LL_GPIO_PIN_11
 656:Drivers/STM32F1xx_HAL_Driver/Inc/stm32f1xx_ll_gpio.h ****   *         @arg @ref LL_GPIO_PIN_12
 657:Drivers/STM32F1xx_HAL_Driver/Inc/stm32f1xx_ll_gpio.h ****   *         @arg @ref LL_GPIO_PIN_13
 658:Drivers/STM32F1xx_HAL_Driver/Inc/stm32f1xx_ll_gpio.h ****   *         @arg @ref LL_GPIO_PIN_14
 659:Drivers/STM32F1xx_HAL_Driver/Inc/stm32f1xx_ll_gpio.h ****   *         @arg @ref LL_GPIO_PIN_15
 660:Drivers/STM32F1xx_HAL_Driver/Inc/stm32f1xx_ll_gpio.h ****   *         @arg @ref LL_GPIO_PIN_ALL
 661:Drivers/STM32F1xx_HAL_Driver/Inc/stm32f1xx_ll_gpio.h ****   * @retval State of bit (1 or 0).
 662:Drivers/STM32F1xx_HAL_Driver/Inc/stm32f1xx_ll_gpio.h ****   */
 663:Drivers/STM32F1xx_HAL_Driver/Inc/stm32f1xx_ll_gpio.h **** __STATIC_INLINE uint32_t LL_GPIO_IsPinLocked(GPIO_TypeDef *GPIOx, uint32_t PinMask)
 664:Drivers/STM32F1xx_HAL_Driver/Inc/stm32f1xx_ll_gpio.h **** {
 665:Drivers/STM32F1xx_HAL_Driver/Inc/stm32f1xx_ll_gpio.h ****   return (READ_BIT(GPIOx->LCKR, ((PinMask >> GPIO_PIN_MASK_POS) & 0x0000FFFFU)) == ((PinMask >> GPI
 666:Drivers/STM32F1xx_HAL_Driver/Inc/stm32f1xx_ll_gpio.h **** }
 667:Drivers/STM32F1xx_HAL_Driver/Inc/stm32f1xx_ll_gpio.h **** 
 668:Drivers/STM32F1xx_HAL_Driver/Inc/stm32f1xx_ll_gpio.h **** /**
 669:Drivers/STM32F1xx_HAL_Driver/Inc/stm32f1xx_ll_gpio.h ****   * @brief  Return 1 if one of the pin of a dedicated port is locked. else return 0.
 670:Drivers/STM32F1xx_HAL_Driver/Inc/stm32f1xx_ll_gpio.h ****   * @rmtoll LCKR         LCKK          LL_GPIO_IsAnyPinLocked
 671:Drivers/STM32F1xx_HAL_Driver/Inc/stm32f1xx_ll_gpio.h ****   * @param  GPIOx GPIO Port
 672:Drivers/STM32F1xx_HAL_Driver/Inc/stm32f1xx_ll_gpio.h ****   * @retval State of bit (1 or 0).
 673:Drivers/STM32F1xx_HAL_Driver/Inc/stm32f1xx_ll_gpio.h ****   */
 674:Drivers/STM32F1xx_HAL_Driver/Inc/stm32f1xx_ll_gpio.h **** __STATIC_INLINE uint32_t LL_GPIO_IsAnyPinLocked(GPIO_TypeDef *GPIOx)
 675:Drivers/STM32F1xx_HAL_Driver/Inc/stm32f1xx_ll_gpio.h **** {
 676:Drivers/STM32F1xx_HAL_Driver/Inc/stm32f1xx_ll_gpio.h ****   return (READ_BIT(GPIOx->LCKR, GPIO_LCKR_LCKK) == (GPIO_LCKR_LCKK));
 677:Drivers/STM32F1xx_HAL_Driver/Inc/stm32f1xx_ll_gpio.h **** }
 678:Drivers/STM32F1xx_HAL_Driver/Inc/stm32f1xx_ll_gpio.h **** 
ARM GAS  /tmp/cclbny92.s 			page 14


 679:Drivers/STM32F1xx_HAL_Driver/Inc/stm32f1xx_ll_gpio.h **** /**
 680:Drivers/STM32F1xx_HAL_Driver/Inc/stm32f1xx_ll_gpio.h ****   * @}
 681:Drivers/STM32F1xx_HAL_Driver/Inc/stm32f1xx_ll_gpio.h ****   */
 682:Drivers/STM32F1xx_HAL_Driver/Inc/stm32f1xx_ll_gpio.h **** 
 683:Drivers/STM32F1xx_HAL_Driver/Inc/stm32f1xx_ll_gpio.h **** /** @defgroup GPIO_LL_EF_Data_Access Data Access
 684:Drivers/STM32F1xx_HAL_Driver/Inc/stm32f1xx_ll_gpio.h ****   * @{
 685:Drivers/STM32F1xx_HAL_Driver/Inc/stm32f1xx_ll_gpio.h ****   */
 686:Drivers/STM32F1xx_HAL_Driver/Inc/stm32f1xx_ll_gpio.h **** 
 687:Drivers/STM32F1xx_HAL_Driver/Inc/stm32f1xx_ll_gpio.h **** /**
 688:Drivers/STM32F1xx_HAL_Driver/Inc/stm32f1xx_ll_gpio.h ****   * @brief  Return full input data register value for a dedicated port.
 689:Drivers/STM32F1xx_HAL_Driver/Inc/stm32f1xx_ll_gpio.h ****   * @rmtoll IDR          IDy           LL_GPIO_ReadInputPort
 690:Drivers/STM32F1xx_HAL_Driver/Inc/stm32f1xx_ll_gpio.h ****   * @param  GPIOx GPIO Port
 691:Drivers/STM32F1xx_HAL_Driver/Inc/stm32f1xx_ll_gpio.h ****   * @retval Input data register value of port
 692:Drivers/STM32F1xx_HAL_Driver/Inc/stm32f1xx_ll_gpio.h ****   */
 693:Drivers/STM32F1xx_HAL_Driver/Inc/stm32f1xx_ll_gpio.h **** __STATIC_INLINE uint32_t LL_GPIO_ReadInputPort(GPIO_TypeDef *GPIOx)
 694:Drivers/STM32F1xx_HAL_Driver/Inc/stm32f1xx_ll_gpio.h **** {
 695:Drivers/STM32F1xx_HAL_Driver/Inc/stm32f1xx_ll_gpio.h ****   return (READ_REG(GPIOx->IDR));
 696:Drivers/STM32F1xx_HAL_Driver/Inc/stm32f1xx_ll_gpio.h **** }
 697:Drivers/STM32F1xx_HAL_Driver/Inc/stm32f1xx_ll_gpio.h **** 
 698:Drivers/STM32F1xx_HAL_Driver/Inc/stm32f1xx_ll_gpio.h **** /**
 699:Drivers/STM32F1xx_HAL_Driver/Inc/stm32f1xx_ll_gpio.h ****   * @brief  Return if input data level for several pins of dedicated port is high or low.
 700:Drivers/STM32F1xx_HAL_Driver/Inc/stm32f1xx_ll_gpio.h ****   * @rmtoll IDR          IDy           LL_GPIO_IsInputPinSet
 701:Drivers/STM32F1xx_HAL_Driver/Inc/stm32f1xx_ll_gpio.h ****   * @param  GPIOx GPIO Port
 702:Drivers/STM32F1xx_HAL_Driver/Inc/stm32f1xx_ll_gpio.h ****   * @param  PinMask This parameter can be a combination of the following values:
 703:Drivers/STM32F1xx_HAL_Driver/Inc/stm32f1xx_ll_gpio.h ****   *         @arg @ref LL_GPIO_PIN_0
 704:Drivers/STM32F1xx_HAL_Driver/Inc/stm32f1xx_ll_gpio.h ****   *         @arg @ref LL_GPIO_PIN_1
 705:Drivers/STM32F1xx_HAL_Driver/Inc/stm32f1xx_ll_gpio.h ****   *         @arg @ref LL_GPIO_PIN_2
 706:Drivers/STM32F1xx_HAL_Driver/Inc/stm32f1xx_ll_gpio.h ****   *         @arg @ref LL_GPIO_PIN_3
 707:Drivers/STM32F1xx_HAL_Driver/Inc/stm32f1xx_ll_gpio.h ****   *         @arg @ref LL_GPIO_PIN_4
 708:Drivers/STM32F1xx_HAL_Driver/Inc/stm32f1xx_ll_gpio.h ****   *         @arg @ref LL_GPIO_PIN_5
 709:Drivers/STM32F1xx_HAL_Driver/Inc/stm32f1xx_ll_gpio.h ****   *         @arg @ref LL_GPIO_PIN_6
 710:Drivers/STM32F1xx_HAL_Driver/Inc/stm32f1xx_ll_gpio.h ****   *         @arg @ref LL_GPIO_PIN_7
 711:Drivers/STM32F1xx_HAL_Driver/Inc/stm32f1xx_ll_gpio.h ****   *         @arg @ref LL_GPIO_PIN_8
 712:Drivers/STM32F1xx_HAL_Driver/Inc/stm32f1xx_ll_gpio.h ****   *         @arg @ref LL_GPIO_PIN_9
 713:Drivers/STM32F1xx_HAL_Driver/Inc/stm32f1xx_ll_gpio.h ****   *         @arg @ref LL_GPIO_PIN_10
 714:Drivers/STM32F1xx_HAL_Driver/Inc/stm32f1xx_ll_gpio.h ****   *         @arg @ref LL_GPIO_PIN_11
 715:Drivers/STM32F1xx_HAL_Driver/Inc/stm32f1xx_ll_gpio.h ****   *         @arg @ref LL_GPIO_PIN_12
 716:Drivers/STM32F1xx_HAL_Driver/Inc/stm32f1xx_ll_gpio.h ****   *         @arg @ref LL_GPIO_PIN_13
 717:Drivers/STM32F1xx_HAL_Driver/Inc/stm32f1xx_ll_gpio.h ****   *         @arg @ref LL_GPIO_PIN_14
 718:Drivers/STM32F1xx_HAL_Driver/Inc/stm32f1xx_ll_gpio.h ****   *         @arg @ref LL_GPIO_PIN_15
 719:Drivers/STM32F1xx_HAL_Driver/Inc/stm32f1xx_ll_gpio.h ****   *         @arg @ref LL_GPIO_PIN_ALL
 720:Drivers/STM32F1xx_HAL_Driver/Inc/stm32f1xx_ll_gpio.h ****   * @retval State of bit (1 or 0).
 721:Drivers/STM32F1xx_HAL_Driver/Inc/stm32f1xx_ll_gpio.h ****   */
 722:Drivers/STM32F1xx_HAL_Driver/Inc/stm32f1xx_ll_gpio.h **** __STATIC_INLINE uint32_t LL_GPIO_IsInputPinSet(GPIO_TypeDef *GPIOx, uint32_t PinMask)
 723:Drivers/STM32F1xx_HAL_Driver/Inc/stm32f1xx_ll_gpio.h **** {
 724:Drivers/STM32F1xx_HAL_Driver/Inc/stm32f1xx_ll_gpio.h ****   return (READ_BIT(GPIOx->IDR, (PinMask >> GPIO_PIN_MASK_POS) & 0x0000FFFFU) == ((PinMask >> GPIO_P
 725:Drivers/STM32F1xx_HAL_Driver/Inc/stm32f1xx_ll_gpio.h **** }
 726:Drivers/STM32F1xx_HAL_Driver/Inc/stm32f1xx_ll_gpio.h **** 
 727:Drivers/STM32F1xx_HAL_Driver/Inc/stm32f1xx_ll_gpio.h **** /**
 728:Drivers/STM32F1xx_HAL_Driver/Inc/stm32f1xx_ll_gpio.h ****   * @brief  Write output data register for the port.
 729:Drivers/STM32F1xx_HAL_Driver/Inc/stm32f1xx_ll_gpio.h ****   * @rmtoll ODR          ODy           LL_GPIO_WriteOutputPort
 730:Drivers/STM32F1xx_HAL_Driver/Inc/stm32f1xx_ll_gpio.h ****   * @param  GPIOx GPIO Port
 731:Drivers/STM32F1xx_HAL_Driver/Inc/stm32f1xx_ll_gpio.h ****   * @param  PortValue Level value for each pin of the port
 732:Drivers/STM32F1xx_HAL_Driver/Inc/stm32f1xx_ll_gpio.h ****   * @retval None
 733:Drivers/STM32F1xx_HAL_Driver/Inc/stm32f1xx_ll_gpio.h ****   */
 734:Drivers/STM32F1xx_HAL_Driver/Inc/stm32f1xx_ll_gpio.h **** __STATIC_INLINE void LL_GPIO_WriteOutputPort(GPIO_TypeDef *GPIOx, uint32_t PortValue)
 735:Drivers/STM32F1xx_HAL_Driver/Inc/stm32f1xx_ll_gpio.h **** {
ARM GAS  /tmp/cclbny92.s 			page 15


 736:Drivers/STM32F1xx_HAL_Driver/Inc/stm32f1xx_ll_gpio.h ****   WRITE_REG(GPIOx->ODR, PortValue);
 737:Drivers/STM32F1xx_HAL_Driver/Inc/stm32f1xx_ll_gpio.h **** }
 738:Drivers/STM32F1xx_HAL_Driver/Inc/stm32f1xx_ll_gpio.h **** 
 739:Drivers/STM32F1xx_HAL_Driver/Inc/stm32f1xx_ll_gpio.h **** /**
 740:Drivers/STM32F1xx_HAL_Driver/Inc/stm32f1xx_ll_gpio.h ****   * @brief  Return full output data register value for a dedicated port.
 741:Drivers/STM32F1xx_HAL_Driver/Inc/stm32f1xx_ll_gpio.h ****   * @rmtoll ODR          ODy           LL_GPIO_ReadOutputPort
 742:Drivers/STM32F1xx_HAL_Driver/Inc/stm32f1xx_ll_gpio.h ****   * @param  GPIOx GPIO Port
 743:Drivers/STM32F1xx_HAL_Driver/Inc/stm32f1xx_ll_gpio.h ****   * @retval Output data register value of port
 744:Drivers/STM32F1xx_HAL_Driver/Inc/stm32f1xx_ll_gpio.h ****   */
 745:Drivers/STM32F1xx_HAL_Driver/Inc/stm32f1xx_ll_gpio.h **** __STATIC_INLINE uint32_t LL_GPIO_ReadOutputPort(GPIO_TypeDef *GPIOx)
 746:Drivers/STM32F1xx_HAL_Driver/Inc/stm32f1xx_ll_gpio.h **** {
 747:Drivers/STM32F1xx_HAL_Driver/Inc/stm32f1xx_ll_gpio.h ****   return (uint32_t)(READ_REG(GPIOx->ODR));
 748:Drivers/STM32F1xx_HAL_Driver/Inc/stm32f1xx_ll_gpio.h **** }
 749:Drivers/STM32F1xx_HAL_Driver/Inc/stm32f1xx_ll_gpio.h **** 
 750:Drivers/STM32F1xx_HAL_Driver/Inc/stm32f1xx_ll_gpio.h **** /**
 751:Drivers/STM32F1xx_HAL_Driver/Inc/stm32f1xx_ll_gpio.h ****   * @brief  Return if input data level for several pins of dedicated port is high or low.
 752:Drivers/STM32F1xx_HAL_Driver/Inc/stm32f1xx_ll_gpio.h ****   * @rmtoll ODR          ODy           LL_GPIO_IsOutputPinSet
 753:Drivers/STM32F1xx_HAL_Driver/Inc/stm32f1xx_ll_gpio.h ****   * @param  GPIOx GPIO Port
 754:Drivers/STM32F1xx_HAL_Driver/Inc/stm32f1xx_ll_gpio.h ****   * @param  PinMask This parameter can be a combination of the following values:
 755:Drivers/STM32F1xx_HAL_Driver/Inc/stm32f1xx_ll_gpio.h ****   *         @arg @ref LL_GPIO_PIN_0
 756:Drivers/STM32F1xx_HAL_Driver/Inc/stm32f1xx_ll_gpio.h ****   *         @arg @ref LL_GPIO_PIN_1
 757:Drivers/STM32F1xx_HAL_Driver/Inc/stm32f1xx_ll_gpio.h ****   *         @arg @ref LL_GPIO_PIN_2
 758:Drivers/STM32F1xx_HAL_Driver/Inc/stm32f1xx_ll_gpio.h ****   *         @arg @ref LL_GPIO_PIN_3
 759:Drivers/STM32F1xx_HAL_Driver/Inc/stm32f1xx_ll_gpio.h ****   *         @arg @ref LL_GPIO_PIN_4
 760:Drivers/STM32F1xx_HAL_Driver/Inc/stm32f1xx_ll_gpio.h ****   *         @arg @ref LL_GPIO_PIN_5
 761:Drivers/STM32F1xx_HAL_Driver/Inc/stm32f1xx_ll_gpio.h ****   *         @arg @ref LL_GPIO_PIN_6
 762:Drivers/STM32F1xx_HAL_Driver/Inc/stm32f1xx_ll_gpio.h ****   *         @arg @ref LL_GPIO_PIN_7
 763:Drivers/STM32F1xx_HAL_Driver/Inc/stm32f1xx_ll_gpio.h ****   *         @arg @ref LL_GPIO_PIN_8
 764:Drivers/STM32F1xx_HAL_Driver/Inc/stm32f1xx_ll_gpio.h ****   *         @arg @ref LL_GPIO_PIN_9
 765:Drivers/STM32F1xx_HAL_Driver/Inc/stm32f1xx_ll_gpio.h ****   *         @arg @ref LL_GPIO_PIN_10
 766:Drivers/STM32F1xx_HAL_Driver/Inc/stm32f1xx_ll_gpio.h ****   *         @arg @ref LL_GPIO_PIN_11
 767:Drivers/STM32F1xx_HAL_Driver/Inc/stm32f1xx_ll_gpio.h ****   *         @arg @ref LL_GPIO_PIN_12
 768:Drivers/STM32F1xx_HAL_Driver/Inc/stm32f1xx_ll_gpio.h ****   *         @arg @ref LL_GPIO_PIN_13
 769:Drivers/STM32F1xx_HAL_Driver/Inc/stm32f1xx_ll_gpio.h ****   *         @arg @ref LL_GPIO_PIN_14
 770:Drivers/STM32F1xx_HAL_Driver/Inc/stm32f1xx_ll_gpio.h ****   *         @arg @ref LL_GPIO_PIN_15
 771:Drivers/STM32F1xx_HAL_Driver/Inc/stm32f1xx_ll_gpio.h ****   *         @arg @ref LL_GPIO_PIN_ALL
 772:Drivers/STM32F1xx_HAL_Driver/Inc/stm32f1xx_ll_gpio.h ****   * @retval State of bit (1 or 0).
 773:Drivers/STM32F1xx_HAL_Driver/Inc/stm32f1xx_ll_gpio.h ****   */
 774:Drivers/STM32F1xx_HAL_Driver/Inc/stm32f1xx_ll_gpio.h **** __STATIC_INLINE uint32_t LL_GPIO_IsOutputPinSet(GPIO_TypeDef *GPIOx, uint32_t PinMask)
 775:Drivers/STM32F1xx_HAL_Driver/Inc/stm32f1xx_ll_gpio.h **** {
 776:Drivers/STM32F1xx_HAL_Driver/Inc/stm32f1xx_ll_gpio.h ****   return (READ_BIT(GPIOx->ODR, (PinMask >> GPIO_PIN_MASK_POS) & 0x0000FFFFU) == ((PinMask >> GPIO_P
 777:Drivers/STM32F1xx_HAL_Driver/Inc/stm32f1xx_ll_gpio.h **** }
 778:Drivers/STM32F1xx_HAL_Driver/Inc/stm32f1xx_ll_gpio.h **** 
 779:Drivers/STM32F1xx_HAL_Driver/Inc/stm32f1xx_ll_gpio.h **** /**
 780:Drivers/STM32F1xx_HAL_Driver/Inc/stm32f1xx_ll_gpio.h ****   * @brief  Set several pins to high level on dedicated gpio port.
 781:Drivers/STM32F1xx_HAL_Driver/Inc/stm32f1xx_ll_gpio.h ****   * @rmtoll BSRR         BSy           LL_GPIO_SetOutputPin
 782:Drivers/STM32F1xx_HAL_Driver/Inc/stm32f1xx_ll_gpio.h ****   * @param  GPIOx GPIO Port
 783:Drivers/STM32F1xx_HAL_Driver/Inc/stm32f1xx_ll_gpio.h ****   * @param  PinMask This parameter can be a combination of the following values:
 784:Drivers/STM32F1xx_HAL_Driver/Inc/stm32f1xx_ll_gpio.h ****   *         @arg @ref LL_GPIO_PIN_0
 785:Drivers/STM32F1xx_HAL_Driver/Inc/stm32f1xx_ll_gpio.h ****   *         @arg @ref LL_GPIO_PIN_1
 786:Drivers/STM32F1xx_HAL_Driver/Inc/stm32f1xx_ll_gpio.h ****   *         @arg @ref LL_GPIO_PIN_2
 787:Drivers/STM32F1xx_HAL_Driver/Inc/stm32f1xx_ll_gpio.h ****   *         @arg @ref LL_GPIO_PIN_3
 788:Drivers/STM32F1xx_HAL_Driver/Inc/stm32f1xx_ll_gpio.h ****   *         @arg @ref LL_GPIO_PIN_4
 789:Drivers/STM32F1xx_HAL_Driver/Inc/stm32f1xx_ll_gpio.h ****   *         @arg @ref LL_GPIO_PIN_5
 790:Drivers/STM32F1xx_HAL_Driver/Inc/stm32f1xx_ll_gpio.h ****   *         @arg @ref LL_GPIO_PIN_6
 791:Drivers/STM32F1xx_HAL_Driver/Inc/stm32f1xx_ll_gpio.h ****   *         @arg @ref LL_GPIO_PIN_7
 792:Drivers/STM32F1xx_HAL_Driver/Inc/stm32f1xx_ll_gpio.h ****   *         @arg @ref LL_GPIO_PIN_8
ARM GAS  /tmp/cclbny92.s 			page 16


 793:Drivers/STM32F1xx_HAL_Driver/Inc/stm32f1xx_ll_gpio.h ****   *         @arg @ref LL_GPIO_PIN_9
 794:Drivers/STM32F1xx_HAL_Driver/Inc/stm32f1xx_ll_gpio.h ****   *         @arg @ref LL_GPIO_PIN_10
 795:Drivers/STM32F1xx_HAL_Driver/Inc/stm32f1xx_ll_gpio.h ****   *         @arg @ref LL_GPIO_PIN_11
 796:Drivers/STM32F1xx_HAL_Driver/Inc/stm32f1xx_ll_gpio.h ****   *         @arg @ref LL_GPIO_PIN_12
 797:Drivers/STM32F1xx_HAL_Driver/Inc/stm32f1xx_ll_gpio.h ****   *         @arg @ref LL_GPIO_PIN_13
 798:Drivers/STM32F1xx_HAL_Driver/Inc/stm32f1xx_ll_gpio.h ****   *         @arg @ref LL_GPIO_PIN_14
 799:Drivers/STM32F1xx_HAL_Driver/Inc/stm32f1xx_ll_gpio.h ****   *         @arg @ref LL_GPIO_PIN_15
 800:Drivers/STM32F1xx_HAL_Driver/Inc/stm32f1xx_ll_gpio.h ****   *         @arg @ref LL_GPIO_PIN_ALL
 801:Drivers/STM32F1xx_HAL_Driver/Inc/stm32f1xx_ll_gpio.h ****   * @retval None
 802:Drivers/STM32F1xx_HAL_Driver/Inc/stm32f1xx_ll_gpio.h ****   */
 803:Drivers/STM32F1xx_HAL_Driver/Inc/stm32f1xx_ll_gpio.h **** __STATIC_INLINE void LL_GPIO_SetOutputPin(GPIO_TypeDef *GPIOx, uint32_t PinMask)
 804:Drivers/STM32F1xx_HAL_Driver/Inc/stm32f1xx_ll_gpio.h **** {
 805:Drivers/STM32F1xx_HAL_Driver/Inc/stm32f1xx_ll_gpio.h ****   WRITE_REG(GPIOx->BSRR, (PinMask >> GPIO_PIN_MASK_POS) & 0x0000FFFFU);
 806:Drivers/STM32F1xx_HAL_Driver/Inc/stm32f1xx_ll_gpio.h **** }
 807:Drivers/STM32F1xx_HAL_Driver/Inc/stm32f1xx_ll_gpio.h **** 
 808:Drivers/STM32F1xx_HAL_Driver/Inc/stm32f1xx_ll_gpio.h **** /**
 809:Drivers/STM32F1xx_HAL_Driver/Inc/stm32f1xx_ll_gpio.h ****   * @brief  Set several pins to low level on dedicated gpio port.
 810:Drivers/STM32F1xx_HAL_Driver/Inc/stm32f1xx_ll_gpio.h ****   * @rmtoll BRR          BRy           LL_GPIO_ResetOutputPin
 811:Drivers/STM32F1xx_HAL_Driver/Inc/stm32f1xx_ll_gpio.h ****   * @param  GPIOx GPIO Port
 812:Drivers/STM32F1xx_HAL_Driver/Inc/stm32f1xx_ll_gpio.h ****   * @param  PinMask This parameter can be a combination of the following values:
 813:Drivers/STM32F1xx_HAL_Driver/Inc/stm32f1xx_ll_gpio.h ****   *         @arg @ref LL_GPIO_PIN_0
 814:Drivers/STM32F1xx_HAL_Driver/Inc/stm32f1xx_ll_gpio.h ****   *         @arg @ref LL_GPIO_PIN_1
 815:Drivers/STM32F1xx_HAL_Driver/Inc/stm32f1xx_ll_gpio.h ****   *         @arg @ref LL_GPIO_PIN_2
 816:Drivers/STM32F1xx_HAL_Driver/Inc/stm32f1xx_ll_gpio.h ****   *         @arg @ref LL_GPIO_PIN_3
 817:Drivers/STM32F1xx_HAL_Driver/Inc/stm32f1xx_ll_gpio.h ****   *         @arg @ref LL_GPIO_PIN_4
 818:Drivers/STM32F1xx_HAL_Driver/Inc/stm32f1xx_ll_gpio.h ****   *         @arg @ref LL_GPIO_PIN_5
 819:Drivers/STM32F1xx_HAL_Driver/Inc/stm32f1xx_ll_gpio.h ****   *         @arg @ref LL_GPIO_PIN_6
 820:Drivers/STM32F1xx_HAL_Driver/Inc/stm32f1xx_ll_gpio.h ****   *         @arg @ref LL_GPIO_PIN_7
 821:Drivers/STM32F1xx_HAL_Driver/Inc/stm32f1xx_ll_gpio.h ****   *         @arg @ref LL_GPIO_PIN_8
 822:Drivers/STM32F1xx_HAL_Driver/Inc/stm32f1xx_ll_gpio.h ****   *         @arg @ref LL_GPIO_PIN_9
 823:Drivers/STM32F1xx_HAL_Driver/Inc/stm32f1xx_ll_gpio.h ****   *         @arg @ref LL_GPIO_PIN_10
 824:Drivers/STM32F1xx_HAL_Driver/Inc/stm32f1xx_ll_gpio.h ****   *         @arg @ref LL_GPIO_PIN_11
 825:Drivers/STM32F1xx_HAL_Driver/Inc/stm32f1xx_ll_gpio.h ****   *         @arg @ref LL_GPIO_PIN_12
 826:Drivers/STM32F1xx_HAL_Driver/Inc/stm32f1xx_ll_gpio.h ****   *         @arg @ref LL_GPIO_PIN_13
 827:Drivers/STM32F1xx_HAL_Driver/Inc/stm32f1xx_ll_gpio.h ****   *         @arg @ref LL_GPIO_PIN_14
 828:Drivers/STM32F1xx_HAL_Driver/Inc/stm32f1xx_ll_gpio.h ****   *         @arg @ref LL_GPIO_PIN_15
 829:Drivers/STM32F1xx_HAL_Driver/Inc/stm32f1xx_ll_gpio.h ****   *         @arg @ref LL_GPIO_PIN_ALL
 830:Drivers/STM32F1xx_HAL_Driver/Inc/stm32f1xx_ll_gpio.h ****   * @retval None
 831:Drivers/STM32F1xx_HAL_Driver/Inc/stm32f1xx_ll_gpio.h ****   */
 832:Drivers/STM32F1xx_HAL_Driver/Inc/stm32f1xx_ll_gpio.h **** __STATIC_INLINE void LL_GPIO_ResetOutputPin(GPIO_TypeDef *GPIOx, uint32_t PinMask)
  43              		.loc 2 832 22 view .LVU3
  44              	.LBB7:
 833:Drivers/STM32F1xx_HAL_Driver/Inc/stm32f1xx_ll_gpio.h **** {
 834:Drivers/STM32F1xx_HAL_Driver/Inc/stm32f1xx_ll_gpio.h ****   WRITE_REG(GPIOx->BRR, (PinMask >> GPIO_PIN_MASK_POS) & 0x0000FFFFU);
  45              		.loc 2 834 3 view .LVU4
  46 0002 034B     		ldr	r3, .L3
  47 0004 0222     		movs	r2, #2
  48 0006 5A61     		str	r2, [r3, #20]
  49              	.LVL2:
  50              		.loc 2 834 3 is_stmt 0 view .LVU5
  51              	.LBE7:
  52              	.LBE6:
  23:display/ssd1306_interface.c **** 	spi_write_byte (type_command);
  53              		.loc 1 23 2 is_stmt 1 view .LVU6
  54 0008 FFF7FEFF 		bl	spi_write_byte
  55              	.LVL3:
  24:display/ssd1306_interface.c **** }
ARM GAS  /tmp/cclbny92.s 			page 17


  56              		.loc 1 24 1 is_stmt 0 view .LVU7
  57 000c 08BD     		pop	{r3, pc}
  58              	.L4:
  59 000e 00BF     		.align	2
  60              	.L3:
  61 0010 000C0140 		.word	1073810432
  62              		.cfi_endproc
  63              	.LFE950:
  65              		.section	.text.ssd1306_SendByteData,"ax",%progbits
  66              		.align	1
  67              		.global	ssd1306_SendByteData
  68              		.syntax unified
  69              		.thumb
  70              		.thumb_func
  72              	ssd1306_SendByteData:
  73              	.LVL4:
  74              	.LFB951:
  25:display/ssd1306_interface.c **** 
  26:display/ssd1306_interface.c **** /*----------------------------------------------------------------------------*/
  27:display/ssd1306_interface.c **** void ssd1306_SendByteData(uint8_t data)
  28:display/ssd1306_interface.c **** {
  75              		.loc 1 28 1 is_stmt 1 view -0
  76              		.cfi_startproc
  77              		@ args = 0, pretend = 0, frame = 0
  78              		@ frame_needed = 0, uses_anonymous_args = 0
  79              		.loc 1 28 1 is_stmt 0 view .LVU9
  80 0000 08B5     		push	{r3, lr}
  81              	.LCFI1:
  82              		.cfi_def_cfa_offset 8
  83              		.cfi_offset 3, -8
  84              		.cfi_offset 14, -4
  29:display/ssd1306_interface.c **** //	CS (ON);
  30:display/ssd1306_interface.c **** 	LCD_DC(ON); //передача данных
  85              		.loc 1 30 2 is_stmt 1 view .LVU10
  86              	.LVL5:
  87              	.LBB8:
  88              	.LBI8:
 803:Drivers/STM32F1xx_HAL_Driver/Inc/stm32f1xx_ll_gpio.h **** {
  89              		.loc 2 803 22 view .LVU11
  90              	.LBB9:
 805:Drivers/STM32F1xx_HAL_Driver/Inc/stm32f1xx_ll_gpio.h **** }
  91              		.loc 2 805 3 view .LVU12
  92 0002 034B     		ldr	r3, .L7
  93 0004 0222     		movs	r2, #2
  94 0006 1A61     		str	r2, [r3, #16]
  95              	.LVL6:
 805:Drivers/STM32F1xx_HAL_Driver/Inc/stm32f1xx_ll_gpio.h **** }
  96              		.loc 2 805 3 is_stmt 0 view .LVU13
  97              	.LBE9:
  98              	.LBE8:
  31:display/ssd1306_interface.c **** 	spi_write_byte (data);
  99              		.loc 1 31 2 is_stmt 1 view .LVU14
 100 0008 FFF7FEFF 		bl	spi_write_byte
 101              	.LVL7:
  32:display/ssd1306_interface.c **** }
 102              		.loc 1 32 1 is_stmt 0 view .LVU15
 103 000c 08BD     		pop	{r3, pc}
ARM GAS  /tmp/cclbny92.s 			page 18


 104              	.L8:
 105 000e 00BF     		.align	2
 106              	.L7:
 107 0010 000C0140 		.word	1073810432
 108              		.cfi_endproc
 109              	.LFE951:
 111              		.section	.text.ssd1306_SendDataBuffer,"ax",%progbits
 112              		.align	1
 113              		.global	ssd1306_SendDataBuffer
 114              		.syntax unified
 115              		.thumb
 116              		.thumb_func
 118              	ssd1306_SendDataBuffer:
 119              	.LVL8:
 120              	.LFB952:
  33:display/ssd1306_interface.c **** 
  34:display/ssd1306_interface.c **** /*----------------------------------------------------------------------------*/
  35:display/ssd1306_interface.c **** void ssd1306_SendDataBuffer(uint8_t *data, uint16_t data_size)
  36:display/ssd1306_interface.c **** {
 121              		.loc 1 36 1 is_stmt 1 view -0
 122              		.cfi_startproc
 123              		@ args = 0, pretend = 0, frame = 0
 124              		@ frame_needed = 0, uses_anonymous_args = 0
 125              		.loc 1 36 1 is_stmt 0 view .LVU17
 126 0000 08B5     		push	{r3, lr}
 127              	.LCFI2:
 128              		.cfi_def_cfa_offset 8
 129              		.cfi_offset 3, -8
 130              		.cfi_offset 14, -4
  37:display/ssd1306_interface.c **** 	#ifdef __SPI_DMA_MODE
  38:display/ssd1306_interface.c **** 	spi_write_buffer_DMA();
 131              		.loc 1 38 2 is_stmt 1 view .LVU18
 132 0002 FFF7FEFF 		bl	spi_write_buffer_DMA
 133              	.LVL9:
  39:display/ssd1306_interface.c **** 	#else
  40:display/ssd1306_interface.c **** 	LCD_DC(ON); //передача данных
  41:display/ssd1306_interface.c **** 	CS(ON);
  42:display/ssd1306_interface.c **** 	spi_write_buffer (data, data_size);
  43:display/ssd1306_interface.c **** 	CS(OFF);
  44:display/ssd1306_interface.c **** 	#endif
  45:display/ssd1306_interface.c **** }
 134              		.loc 1 45 1 is_stmt 0 view .LVU19
 135 0006 08BD     		pop	{r3, pc}
 136              		.cfi_endproc
 137              	.LFE952:
 139              		.text
 140              	.Letext0:
 141              		.file 3 "/home/arashamf/soft/ARM_toolchains/gcc-arm-none-eabi-10.3-2021.10/arm-none-eabi/include/m
 142              		.file 4 "/home/arashamf/soft/ARM_toolchains/gcc-arm-none-eabi-10.3-2021.10/arm-none-eabi/include/s
 143              		.file 5 "Drivers/CMSIS/Device/ST/STM32F1xx/Include/stm32f105xc.h"
 144              		.file 6 "Drivers/STM32F1xx_HAL_Driver/Inc/stm32f1xx_ll_dma.h"
 145              		.file 7 "Drivers/STM32F1xx_HAL_Driver/Inc/stm32f1xx_ll_tim.h"
 146              		.file 8 "Core/Inc/typedef.h"
 147              		.file 9 "Core/Inc/spi.h"
ARM GAS  /tmp/cclbny92.s 			page 19


DEFINED SYMBOLS
                            *ABS*:0000000000000000 ssd1306_interface.c
     /tmp/cclbny92.s:18     .text.ssd1306_SendCommand:0000000000000000 $t
     /tmp/cclbny92.s:24     .text.ssd1306_SendCommand:0000000000000000 ssd1306_SendCommand
     /tmp/cclbny92.s:61     .text.ssd1306_SendCommand:0000000000000010 $d
     /tmp/cclbny92.s:66     .text.ssd1306_SendByteData:0000000000000000 $t
     /tmp/cclbny92.s:72     .text.ssd1306_SendByteData:0000000000000000 ssd1306_SendByteData
     /tmp/cclbny92.s:107    .text.ssd1306_SendByteData:0000000000000010 $d
     /tmp/cclbny92.s:112    .text.ssd1306_SendDataBuffer:0000000000000000 $t
     /tmp/cclbny92.s:118    .text.ssd1306_SendDataBuffer:0000000000000000 ssd1306_SendDataBuffer

UNDEFINED SYMBOLS
spi_write_byte
spi_write_buffer_DMA
